This is pdfTeX, Version 3.1415926-2.3-1.40.12 (MiKTeX 2.9 64-bit) (preloaded format=pdflatex 2013.5.18)  7 APR 2014 12:39
entering extended mode
**F:/Documents/Git/E-Voting/Documentation/Report/Documentation.tex
(F:/Documents/Git/E-Voting/Documentation/Report/Documentation.tex
LaTeX2e <2011/06/27>
Babel <v3.8m> and hyphenation patterns for english, afrikaans, ancientgreek, ar
abic, armenian, assamese, basque, bengali, bokmal, bulgarian, catalan, coptic, 
croatian, czech, danish, dutch, esperanto, estonian, farsi, finnish, french, ga
lician, german, german-x-2009-06-19, greek, gujarati, hindi, hungarian, iceland
ic, indonesian, interlingua, irish, italian, kannada, kurmanji, lao, latin, lat
vian, lithuanian, malayalam, marathi, mongolian, mongolianlmc, monogreek, ngerm
an, ngerman-x-2009-06-19, nynorsk, oriya, panjabi, pinyin, polish, portuguese, 
romanian, russian, sanskrit, serbian, slovak, slovenian, spanish, swedish, swis
sgerman, tamil, telugu, turkish, turkmen, ukenglish, ukrainian, uppersorbian, u
senglishmax, welsh, loaded.
("F:\Program Files\MiKTeX\tex\latex\base\report.cls"
Document Class: report 2007/10/19 v1.4h Standard LaTeX document class
("F:\Program Files\MiKTeX\tex\latex\base\size11.clo"
File: size11.clo 2007/10/19 v1.4h Standard LaTeX file (size option)
)
\c@part=\count79
\c@chapter=\count80
\c@section=\count81
\c@subsection=\count82
\c@subsubsection=\count83
\c@paragraph=\count84
\c@subparagraph=\count85
\c@figure=\count86
\c@table=\count87
\abovecaptionskip=\skip41
\belowcaptionskip=\skip42
\bibindent=\dimen102
)

LaTeX Warning: Unused global option(s):
    [pdftext].

(F:\Documents\Git\E-Voting\Documentation\Report\Documentation.aux)
LaTeX Font Info:    Checking defaults for OML/cmm/m/it on input line 13.
LaTeX Font Info:    ... okay on input line 13.
LaTeX Font Info:    Checking defaults for T1/cmr/m/n on input line 13.
LaTeX Font Info:    ... okay on input line 13.
LaTeX Font Info:    Checking defaults for OT1/cmr/m/n on input line 13.
LaTeX Font Info:    ... okay on input line 13.
LaTeX Font Info:    Checking defaults for OMS/cmsy/m/n on input line 13.
LaTeX Font Info:    ... okay on input line 13.
LaTeX Font Info:    Checking defaults for OMX/cmex/m/n on input line 13.
LaTeX Font Info:    ... okay on input line 13.
LaTeX Font Info:    Checking defaults for U/cmr/m/n on input line 13.
LaTeX Font Info:    ... okay on input line 13.

(F:\Documents\Git\E-Voting\Documentation\Report\parts/Requirements.tex
Chapter 1.
LaTeX Font Info:    External font `cmex10' loaded for size
(Font)              <10.95> on input line 7.
LaTeX Font Info:    External font `cmex10' loaded for size
(Font)              <8> on input line 7.
LaTeX Font Info:    External font `cmex10' loaded for size
(Font)              <6> on input line 7.
)
Overfull \hbox (30.43904pt too wide) in paragraph at lines 7--16
[]
 []


Underfull \hbox (badness 10000) in paragraph at lines 7--16

 []

[1


{C:/ProgramData/MiKTeX/2.9/pdftex/config/pdftex.map}]
(F:\Documents\Git\E-Voting\Documentation\Report\Documentation.aux) ) 
Here is how much of TeX's memory you used:
 260 strings out of 494045
 3254 string characters out of 3150002
 52890 words of memory out of 3000000
 3622 multiletter control sequences out of 15000+200000
 8551 words of font info for 30 fonts, out of 3000000 for 9000
 715 hyphenation exceptions out of 8191
 21i,7n,19p,200b,157s stack positions out of 5000i,500n,10000p,200000b,50000s
<F:/Program
 Files/MiKTeX/fonts/type1/public/amsfonts/cm/cmbx10.pfb><F:/Program Files/MiKTe
X/fonts/type1/public/amsfonts/cm/cmbx12.pfb><F:/Program Files/MiKTeX/fonts/type
1/public/amsfonts/cm/cmr10.pfb><F:/Program Files/MiKTeX/fonts/type1/public/amsf
onts/cm/cmti10.pfb>
Output written on Documentation.pdf (1 page, 58125 bytes).
PDF statistics:
 22 PDF objects out of 1000 (max. 8388607)
 0 named destinations out of 1000 (max. 500000)
 1 words of extra memory for PDF output out of 10000 (max. 10000000)

