#
# A fatal error has been detected by the Java Runtime Environment:
#
#  EXCEPTION_ACCESS_VIOLATION (0xc0000005) at pc=0x0000000070d14419, pid=5624, tid=924
#
# JRE version: Java(TM) SE Runtime Environment (7.0_51-b13) (build 1.7.0_51-b13)
# Java VM: Java HotSpot(TM) 64-Bit Server VM (24.51-b03 mixed mode windows-amd64 compressed oops)
# Problematic frame:
# V  [jvm.dll+0x54419]
#
# Failed to write core dump. Minidumps are not enabled by default on client versions of Windows
#
# If you would like to submit a bug report, please visit:
#   http://bugreport.sun.com/bugreport/crash.jsp
#

---------------  T H R E A D  ---------------

Current thread (0x00000000083f7800):  JavaThread "JDWP Transport Listener: dt_socket" daemon [_thread_in_vm, id=924, stack(0x000000000a3d0000,0x000000000a4d0000)]

siginfo: ExceptionCode=0xc0000005, reading address 0x000000000000000c

Registers:
RAX=0x000000000000000c, RBX=0x00000000083f7800, RCX=0x0000000000000000, RDX=0x0000000000000000
RSP=0x000000000a4cfa00, RBP=0x000000000000000c, RSI=0x0000000000000000, RDI=0x0000000000000010
R8 =0x00000000eb5305a8, R9 =0x0000000000000000, R10=0x0000000000000000, R11=0x0000000000000001
R12=0x0000000000000000, R13=0x00000000083eb248, R14=0x0000000000000000, R15=0x0000000000000000
RIP=0x0000000070d14419, EFLAGS=0x0000000000010246

Top of Stack: (sp=0x000000000a4cfa00)
0x000000000a4cfa00:   00000000083f7800 0000000000000000
0x000000000a4cfa10:   0000000000000000 00000000083f7800
0x000000000a4cfa20:   0000000000000000 0000000070ddb2b7
0x000000000a4cfa30:   00000000eb5305a8 000000000a4cfb50
0x000000000a4cfa40:   000000000838d4c8 000000000a4cfb20
0x000000000a4cfa50:   00000000083f7800 0000000000000000
0x000000000a4cfa60:   000000000838d4c8 000000000a4cfb50
0x000000000a4cfa70:   0000000000000000 00000000083eb248
0x000000000a4cfa80:   0000000000000000 0000000068fb7d15
0x000000000a4cfa90:   000000000a4cfb20 000000000a4cfb50
0x000000000a4cfaa0:   000000000838d4c8 00000000083f79e8
0x000000000a4cfab0:   000000000aa4a40a 0000000068fbf08c
0x000000000a4cfac0:   0000000008010a01 000000000a4cfbc0
0x000000000a4cfad0:   00000000083eae01 0000000000000000
0x000000000a4cfae0:   0000219300000013 0000000008010a00
0x000000000a4cfaf0:   0000000001d42bd0 0000000070e4bcca 

Instructions: (pc=0x0000000070d14419)
0x0000000070d143f9:   d2 48 8b c5 eb 18 48 8b d0 48 8b c5 48 d3 e2 48
0x0000000070d14409:   03 15 a1 74 69 00 eb 06 48 8b 12 48 8b c7 48 98
0x0000000070d14419:   8b 14 10 85 d2 74 2a 45 84 db 4c 63 c6 48 0f 45
0x0000000070d14429:   fd 8d 47 0b 48 63 c8 48 83 e1 f8 48 c1 e9 03 8d 


Register to memory mapping:

RAX=0x000000000000000c is an unknown value
RBX=0x00000000083f7800 is a thread
RCX=0x0000000000000000 is an unknown value
RDX=0x0000000000000000 is an unknown value
RSP=0x000000000a4cfa00 is pointing into the stack for thread: 0x00000000083f7800
RBP=0x000000000000000c is an unknown value
RSI=0x0000000000000000 is an unknown value
RDI=0x0000000000000010 is an unknown value
R8 =0x00000000eb5305a8 is an oop
java.lang.String 
 - klass: 'java/lang/String'
R9 =0x0000000000000000 is an unknown value
R10=0x0000000000000000 is an unknown value
R11=0x0000000000000001 is an unknown value
R12=0x0000000000000000 is an unknown value
R13=0x00000000083eb248 is an unknown value
R14=0x0000000000000000 is an unknown value
R15=0x0000000000000000 is an unknown value


Stack: [0x000000000a3d0000,0x000000000a4d0000],  sp=0x000000000a4cfa00,  free space=1022k
Native frames: (J=compiled Java code, j=interpreted, Vv=VM code, C=native code)
V  [jvm.dll+0x54419]


---------------  P R O C E S S  ---------------

Java Threads: ( => current thread )
  0x000000000a87c000 JavaThread "Service Thread" daemon [_thread_blocked, id=5460, stack(0x000000000a0b0000,0x000000000a1b0000)]
  0x000000000840e800 JavaThread "C2 CompilerThread1" daemon [_thread_blocked, id=4948, stack(0x000000000ad40000,0x000000000ae40000)]
  0x000000000a87a000 JavaThread "C2 CompilerThread0" daemon [_thread_blocked, id=4604, stack(0x000000000a610000,0x000000000a710000)]
  0x0000000008404000 JavaThread "JDWP Command Reader" daemon [_thread_in_native, id=5436, stack(0x000000000a770000,0x000000000a870000)]
  0x0000000008403000 JavaThread "JDWP Event Helper Thread" daemon [_thread_blocked, id=5616, stack(0x000000000a510000,0x000000000a610000)]
=>0x00000000083f7800 JavaThread "JDWP Transport Listener: dt_socket" daemon [_thread_in_vm, id=924, stack(0x000000000a3d0000,0x000000000a4d0000)]
  0x00000000083f0800 JavaThread "Attach Listener" daemon [_thread_blocked, id=1020, stack(0x0000000009b70000,0x0000000009c70000)]
  0x00000000083e9800 JavaThread "Signal Dispatcher" daemon [_thread_blocked, id=3800, stack(0x00000000099f0000,0x0000000009af0000)]
  0x0000000008394800 JavaThread "Finalizer" daemon [_thread_blocked, id=3008, stack(0x00000000098b0000,0x00000000099b0000)]
  0x000000000838d800 JavaThread "Reference Handler" daemon [_thread_blocked, id=5968, stack(0x0000000009670000,0x0000000009770000)]
  0x0000000001e3f000 JavaThread "main" [_thread_blocked, id=3124, stack(0x00000000022f0000,0x00000000023f0000)]

Other Threads:
  0x0000000008387800 VMThread [stack: 0x0000000009480000,0x0000000009580000] [id=5440]
  0x000000000a895800 WatcherThread [stack: 0x000000000ae50000,0x000000000af50000] [id=5852]

VM state:not at safepoint (normal execution)

VM Mutex/Monitor currently owned by a thread: None

Heap
 PSYoungGen      total 18944K, used 5663K [0x00000000eb200000, 0x00000000ec700000, 0x0000000100000000)
  eden space 16384K, 19% used [0x00000000eb200000,0x00000000eb532048,0x00000000ec200000)
  from space 2560K, 93% used [0x00000000ec200000,0x00000000ec455cb8,0x00000000ec480000)
  to   space 2560K, 0% used [0x00000000ec480000,0x00000000ec480000,0x00000000ec700000)
 ParOldGen       total 42496K, used 8K [0x00000000c1600000, 0x00000000c3f80000, 0x00000000eb200000)
  object space 42496K, 0% used [0x00000000c1600000,0x00000000c1602000,0x00000000c3f80000)
 PSPermGen       total 21504K, used 5150K [0x00000000bc400000, 0x00000000bd900000, 0x00000000c1600000)
  object space 21504K, 23% used [0x00000000bc400000,0x00000000bc907b38,0x00000000bd900000)

Card table byte_map: [0x00000000053f0000,0x0000000005610000] byte_map_base: 0x0000000004e0e000

Polling page: 0x00000000000b0000

Code Cache  [0x00000000023f0000, 0x0000000002660000, 0x00000000053f0000)
 total_blobs=342 nmethods=114 adapters=188 free_code_cache=48452Kb largest_free_block=49584448

Compilation events (10 events):
Event: 16.703 Thread 0x000000000840e800  110             java.math.MutableBigInteger::add (346 bytes)
Event: 16.707 Thread 0x000000000a87a000  111             java.math.MutableBigInteger::primitiveRightShift (80 bytes)
Event: 16.713 Thread 0x000000000a87a000 nmethod 111 0x000000000249da50 code [0x000000000249dba0, 0x000000000249de18]
Event: 16.713 Thread 0x000000000a87a000  112             java.math.MutableBigInteger::subtract (226 bytes)
Event: 16.734 Thread 0x000000000840e800 nmethod 110 0x000000000249e310 code [0x000000000249e480, 0x000000000249f358]
Event: 16.736 Thread 0x000000000840e800  113             java.math.MutableBigInteger::primitiveLeftShift (89 bytes)
Event: 16.739 Thread 0x000000000840e800 nmethod 113 0x000000000249bbd0 code [0x000000000249bd20, 0x000000000249bf78]
Event: 16.741 Thread 0x000000000840e800  114             java.lang.Integer::numberOfLeadingZeros (76 bytes)
Event: 16.742 Thread 0x000000000840e800 nmethod 114 0x0000000002499950 code [0x0000000002499a80, 0x0000000002499b18]
Event: 16.753 Thread 0x000000000a87a000 nmethod 112 0x00000000024a4bd0 code [0x00000000024a4d60, 0x00000000024a5f08]

GC Heap History (2 events):
Event: 15.785 GC heap before
{Heap before GC invocations=1 (full 0):
 PSYoungGen      total 18944K, used 16384K [0x00000000eb200000, 0x00000000ec700000, 0x0000000100000000)
  eden space 16384K, 100% used [0x00000000eb200000,0x00000000ec200000,0x00000000ec200000)
  from space 2560K, 0% used [0x00000000ec480000,0x00000000ec480000,0x00000000ec700000)
  to   space 2560K, 0% used [0x00000000ec200000,0x00000000ec200000,0x00000000ec480000)
 ParOldGen       total 42496K, used 0K [0x00000000c1600000, 0x00000000c3f80000, 0x00000000eb200000)
  object space 42496K, 0% used [0x00000000c1600000,0x00000000c1600000,0x00000000c3f80000)
 PSPermGen       total 21504K, used 4768K [0x00000000bc400000, 0x00000000bd900000, 0x00000000c1600000)
  object space 21504K, 22% used [0x00000000bc400000,0x00000000bc8a8180,0x00000000bd900000)
Event: 15.788 GC heap after
Heap after GC invocations=1 (full 0):
 PSYoungGen      total 18944K, used 2391K [0x00000000eb200000, 0x00000000ec700000, 0x0000000100000000)
  eden space 16384K, 0% used [0x00000000eb200000,0x00000000eb200000,0x00000000ec200000)
  from space 2560K, 93% used [0x00000000ec200000,0x00000000ec455cb8,0x00000000ec480000)
  to   space 2560K, 0% used [0x00000000ec480000,0x00000000ec480000,0x00000000ec700000)
 ParOldGen       total 42496K, used 8K [0x00000000c1600000, 0x00000000c3f80000, 0x00000000eb200000)
  object space 42496K, 0% used [0x00000000c1600000,0x00000000c1602000,0x00000000c3f80000)
 PSPermGen       total 21504K, used 4768K [0x00000000bc400000, 0x00000000bd900000, 0x00000000c1600000)
  object space 21504K, 22% used [0x00000000bc400000,0x00000000bc8a8180,0x00000000bd900000)
}

Deoptimization events (3 events):
Event: 0.205 Thread 0x0000000001e3f000 Uncommon trap: reason=null_check action=make_not_entrant pc=0x000000000245f79c method=java.util.jar.Attributes.putValue(Ljava/lang/String;Ljava/lang/String;)Ljava/lang/String; @ 13
Event: 0.294 Thread 0x0000000001e3f000 Uncommon trap: reason=unreached action=reinterpret pc=0x0000000002455788 method=java.lang.String.equals(Ljava/lang/Object;)Z @ 2
Event: 0.474 Thread 0x0000000001e3f000 Uncommon trap: reason=null_check action=make_not_entrant pc=0x000000000246aa10 method=java.lang.StringCoding.deref(Ljava/lang/ThreadLocal;)Ljava/lang/Object; @ 4

Internal exceptions (10 events):
Event: 0.499 Thread 0x0000000001e3f000 Threw 0x00000000ebd16a28 at C:\re\jdk7u51\527\hotspot\src\share\vm\prims\jvm.cpp:1244
Event: 0.500 Thread 0x0000000001e3f000 Threw 0x00000000ebd1c818 at C:\re\jdk7u51\527\hotspot\src\share\vm\prims\jvm.cpp:1244
Event: 0.501 Thread 0x0000000001e3f000 Threw 0x00000000ebd201f0 at C:\re\jdk7u51\527\hotspot\src\share\vm\prims\jvm.cpp:1244
Event: 0.501 Thread 0x0000000001e3f000 Threw 0x00000000ebd23690 at C:\re\jdk7u51\527\hotspot\src\share\vm\prims\jvm.cpp:1244
Event: 0.502 Thread 0x0000000001e3f000 Threw 0x00000000ebd26ff8 at C:\re\jdk7u51\527\hotspot\src\share\vm\prims\jvm.cpp:1244
Event: 11.876 Thread 0x0000000001e3f000 Threw 0x00000000ebd3a1e0 at C:\re\jdk7u51\527\hotspot\src\share\vm\prims\jvm.cpp:1244
Event: 15.783 Thread 0x0000000001e3f000 Threw 0x00000000ec1fd7b0 at C:\re\jdk7u51\527\hotspot\src\share\vm\prims\jvm.cpp:1244
Event: 15.783 Thread 0x0000000001e3f000 Threw 0x00000000ec1fd8d8 at C:\re\jdk7u51\527\hotspot\src\share\vm\prims\jvm.cpp:1244
Event: 16.178 Thread 0x0000000001e3f000 Threw 0x00000000eb5207d8 at C:\re\jdk7u51\527\hotspot\src\share\vm\prims\jni.cpp:717
Event: 16.179 Thread 0x0000000001e3f000 Threw 0x00000000eb520c90 at C:\re\jdk7u51\527\hotspot\src\share\vm\prims\jvm.cpp:1244

Events (10 events):
Event: 18.219 Executing VM operation: ChangeSingleStep
Event: 18.219 Executing VM operation: ChangeSingleStep done
Event: 18.309 loading class 0x0000000001d8e080
Event: 18.329 loading class 0x0000000001d8e2f0
Event: 18.329 loading class 0x0000000001d8e2f0 done
Event: 18.329 loading class 0x0000000001d8e080 done
Event: 18.330 loading class 0x000000000aa4ff80
Event: 18.330 loading class 0x000000000aa4ff80 done
Event: 18.343 Executing VM operation: GetOrSetLocal
Event: 18.343 Executing VM operation: GetOrSetLocal done


Dynamic libraries:
0x000000013f600000 - 0x000000013f633000 	C:\Program Files\Java\jre7\bin\javaw.exe
0x0000000077600000 - 0x00000000777a9000 	C:\Windows\SYSTEM32\ntdll.dll
0x00000000773e0000 - 0x00000000774ff000 	C:\Windows\system32\kernel32.dll
0x000007fefd730000 - 0x000007fefd79b000 	C:\Windows\system32\KERNELBASE.dll
0x000007feff5a0000 - 0x000007feff67b000 	C:\Windows\system32\ADVAPI32.dll
0x000007fefe180000 - 0x000007fefe21f000 	C:\Windows\system32\msvcrt.dll
0x000007fefdda0000 - 0x000007fefddbf000 	C:\Windows\SYSTEM32\sechost.dll
0x000007fefde10000 - 0x000007fefdf3d000 	C:\Windows\system32\RPCRT4.dll
0x0000000077500000 - 0x00000000775fa000 	C:\Windows\system32\USER32.dll
0x000007fefe5a0000 - 0x000007fefe607000 	C:\Windows\system32\GDI32.dll
0x000007feff900000 - 0x000007feff90e000 	C:\Windows\system32\LPK.dll
0x000007fefe400000 - 0x000007fefe4c9000 	C:\Windows\system32\USP10.dll
0x000007fefbe50000 - 0x000007fefc044000 	C:\Windows\WinSxS\amd64_microsoft.windows.common-controls_6595b64144ccf1df_6.0.7601.17514_none_fa396087175ac9ac\COMCTL32.dll
0x000007fefdb10000 - 0x000007fefdb81000 	C:\Windows\system32\SHLWAPI.dll
0x000007fefe4d0000 - 0x000007fefe4fe000 	C:\Windows\system32\IMM32.DLL
0x000007feff6f0000 - 0x000007feff7f9000 	C:\Windows\system32\MSCTF.dll
0x0000000071490000 - 0x0000000071562000 	C:\Program Files\Java\jre7\bin\msvcr100.dll
0x0000000070cc0000 - 0x0000000071489000 	C:\Program Files\Java\jre7\bin\server\jvm.dll
0x000007fef8dd0000 - 0x000007fef8dd9000 	C:\Windows\system32\WSOCK32.dll
0x000007fefddc0000 - 0x000007fefde0d000 	C:\Windows\system32\WS2_32.dll
0x000007feff680000 - 0x000007feff688000 	C:\Windows\system32\NSI.dll
0x000007fef4660000 - 0x000007fef469b000 	C:\Windows\system32\WINMM.dll
0x00000000777d0000 - 0x00000000777d7000 	C:\Windows\system32\PSAPI.DLL
0x0000000074000000 - 0x000000007400f000 	C:\Program Files\Java\jre7\bin\verify.dll
0x0000000071620000 - 0x0000000071648000 	C:\Program Files\Java\jre7\bin\java.dll
0x0000000068fb0000 - 0x0000000068fe5000 	C:\Program Files\Java\jre7\bin\jdwp.dll
0x0000000069060000 - 0x0000000069068000 	C:\Program Files\Java\jre7\bin\npt.dll
0x0000000073eb0000 - 0x0000000073ec5000 	C:\Program Files\Java\jre7\bin\zip.dll
0x0000000069050000 - 0x0000000069059000 	C:\Program Files\Java\jre7\bin\dt_socket.dll
0x000007fefacc0000 - 0x000007fefacd5000 	C:\Windows\system32\NLAapi.dll
0x000007fefb2a0000 - 0x000007fefb2b5000 	C:\Windows\system32\napinsp.dll
0x000007fefb140000 - 0x000007fefb159000 	C:\Windows\system32\pnrpnsp.dll
0x000007fefcc00000 - 0x000007fefcc55000 	C:\Windows\System32\mswsock.dll
0x000007fefca80000 - 0x000007fefcadb000 	C:\Windows\system32\DNSAPI.dll
0x000007fefb290000 - 0x000007fefb29b000 	C:\Windows\System32\winrnr.dll
0x000007fefb130000 - 0x000007fefb140000 	C:\Windows\system32\wshbth.dll
0x000007fefab70000 - 0x000007fefab97000 	C:\Windows\system32\IPHLPAPI.DLL
0x000007fefab50000 - 0x000007fefab5b000 	C:\Windows\system32\WINNSI.DLL
0x000007fefa9e0000 - 0x000007fefaa33000 	C:\Windows\System32\fwpuclnt.dll
0x000007fefa0f0000 - 0x000007fefa0f8000 	C:\Windows\system32\rasadhlp.dll
0x000007fefc5e0000 - 0x000007fefc5e7000 	C:\Windows\System32\wshtcpip.dll
0x000007fefcc60000 - 0x000007fefcc77000 	C:\Windows\system32\CRYPTSP.dll
0x000007fefc960000 - 0x000007fefc9a7000 	C:\Windows\system32\rsaenh.dll
0x000007fefc700000 - 0x000007fefc71e000 	C:\Windows\system32\USERENV.dll
0x000007fefd3b0000 - 0x000007fefd3bf000 	C:\Windows\system32\profapi.dll
0x000007fefd2e0000 - 0x000007fefd2ef000 	C:\Windows\system32\CRYPTBASE.dll
0x0000000073e90000 - 0x0000000073ea9000 	C:\Program Files\Java\jre7\bin\net.dll
0x000007fefcbf0000 - 0x000007fefcbf7000 	C:\Windows\System32\wship6.dll
0x0000000071600000 - 0x0000000071611000 	C:\Program Files\Java\jre7\bin\nio.dll
0x0000000068f80000 - 0x0000000068fa4000 	C:\Program Files\Java\jre7\bin\sunec.dll
0x000007fef5320000 - 0x000007fef5445000 	C:\Windows\system32\dbghelp.dll

VM Arguments:
jvm_args: -agentlib:jdwp=transport=dt_socket,suspend=y,address=localhost:58333 -Dfile.encoding=Cp1252 
java_command: org.evoting.security.ElGamalTester 100
Launcher Type: SUN_STANDARD

Environment Variables:
JAVA_HOME=C:\Program Files\Java\jdk1.7.0_51
PATH=C:\Windows\system32;C:\Windows;C:\Windows\System32\Wbem;C:\Windows\System32\WindowsPowerShell\v1.0\;C:\Program Files (x86)\Windows Kits\8.1\Windows Performance Toolkit\;C:\Program Files\Microsoft SQL Server\110\Tools\Binn\;C:\Program Files\TortoiseSVN\bin;C:\Program Files\Java\jdk1.7.0_51\bin;C:\Program Files\Jolie;C:\Program Files\apache-ant-1.9.3/bin
USERNAME=Mikkel
OS=Windows_NT
PROCESSOR_IDENTIFIER=Intel64 Family 6 Model 42 Stepping 7, GenuineIntel



---------------  S Y S T E M  ---------------

OS: Windows 7 , 64 bit Build 7601 Service Pack 1

CPU:total 4 (2 cores per cpu, 2 threads per core) family 6 model 42 stepping 7, cmov, cx8, fxsr, mmx, sse, sse2, sse3, ssse3, sse4.1, sse4.2, popcnt, avx, aes, ht, tsc, tscinvbit

Memory: 4k page, physical 4102896k(1041768k free), swap 8203928k(3912156k free)

vm_info: Java HotSpot(TM) 64-Bit Server VM (24.51-b03) for windows-amd64 JRE (1.7.0_51-b13), built on Dec 18 2013 18:40:56 by "java_re" with unknown MS VC++:1600

time: Fri Mar 21 15:25:54 2014
elapsed time: 18 seconds

