#
# A fatal error has been detected by the Java Runtime Environment:
#
#  EXCEPTION_ACCESS_VIOLATION (0xc0000005) at pc=0x0000000070d14419, pid=5272, tid=3108
#
# JRE version: Java(TM) SE Runtime Environment (7.0_51-b13) (build 1.7.0_51-b13)
# Java VM: Java HotSpot(TM) 64-Bit Server VM (24.51-b03 mixed mode windows-amd64 compressed oops)
# Problematic frame:
# V  [jvm.dll+0x54419]
#
# Failed to write core dump. Minidumps are not enabled by default on client versions of Windows
#
# If you would like to submit a bug report, please visit:
#   http://bugreport.sun.com/bugreport/crash.jsp
#

---------------  T H R E A D  ---------------

Current thread (0x000000000853e800):  JavaThread "JDWP Transport Listener: dt_socket" daemon [_thread_in_vm, id=3108, stack(0x000000000a050000,0x000000000a150000)]

siginfo: ExceptionCode=0xc0000005, reading address 0x000000000000000c

Registers:
RAX=0x000000000000000c, RBX=0x000000000853e800, RCX=0x0000000000000000, RDX=0x0000000000000000
RSP=0x000000000a14f640, RBP=0x000000000000000c, RSI=0x0000000000000000, RDI=0x0000000000000010
R8 =0x00000000eb56a6b8, R9 =0x0000000000000000, R10=0x0000000000000000, R11=0x0000000000000001
R12=0x0000000000000000, R13=0x000000000852b198, R14=0x0000000000000000, R15=0x0000000000000000
RIP=0x0000000070d14419, EFLAGS=0x0000000000010246

Top of Stack: (sp=0x000000000a14f640)
0x000000000a14f640:   000000000853e800 0000000000000000
0x000000000a14f650:   0000000000000000 000000000853e800
0x000000000a14f660:   0000000000000000 0000000070ddb2b7
0x000000000a14f670:   00000000eb56a6b8 000000000a14f790
0x000000000a14f680:   00000000020a1fd8 000000000a14f760
0x000000000a14f690:   000000000853e800 0000000000000000
0x000000000a14f6a0:   00000000020a1fd8 000000000a14f790
0x000000000a14f6b0:   0000000000000000 000000000852b198
0x000000000a14f6c0:   0000000000000000 0000000069037d15
0x000000000a14f6d0:   000000000a14f760 000000000a14f790
0x000000000a14f6e0:   00000000020a1fd8 000000000853e9e8
0x000000000a14f6f0:   000000000ae6d20a 000000006903f08c
0x000000000a14f700:   0000000008010a01 000000000a14f800
0x000000000a14f710:   000000000852ad01 000000000852ad01
0x000000000a14f720:   0000263a00000013 0000000008010a00
0x000000000a14f730:   0000000002092bc0 0000000070e4bcca 

Instructions: (pc=0x0000000070d14419)
0x0000000070d143f9:   d2 48 8b c5 eb 18 48 8b d0 48 8b c5 48 d3 e2 48
0x0000000070d14409:   03 15 a1 74 69 00 eb 06 48 8b 12 48 8b c7 48 98
0x0000000070d14419:   8b 14 10 85 d2 74 2a 45 84 db 4c 63 c6 48 0f 45
0x0000000070d14429:   fd 8d 47 0b 48 63 c8 48 83 e1 f8 48 c1 e9 03 8d 


Register to memory mapping:

RAX=0x000000000000000c is an unknown value
RBX=0x000000000853e800 is a thread
RCX=0x0000000000000000 is an unknown value
RDX=0x0000000000000000 is an unknown value
RSP=0x000000000a14f640 is pointing into the stack for thread: 0x000000000853e800
RBP=0x000000000000000c is an unknown value
RSI=0x0000000000000000 is an unknown value
RDI=0x0000000000000010 is an unknown value
R8 =0x00000000eb56a6b8 is an oop
java.lang.String 
 - klass: 'java/lang/String'
R9 =0x0000000000000000 is an unknown value
R10=0x0000000000000000 is an unknown value
R11=0x0000000000000001 is an unknown value
R12=0x0000000000000000 is an unknown value
R13=0x000000000852b198 is an unknown value
R14=0x0000000000000000 is an unknown value
R15=0x0000000000000000 is an unknown value


Stack: [0x000000000a050000,0x000000000a150000],  sp=0x000000000a14f640,  free space=1021k
Native frames: (J=compiled Java code, j=interpreted, Vv=VM code, C=native code)
V  [jvm.dll+0x54419]


---------------  P R O C E S S  ---------------

Java Threads: ( => current thread )
  0x000000000a776000 JavaThread "Service Thread" daemon [_thread_blocked, id=5444, stack(0x000000000a550000,0x000000000a650000)]
  0x000000000a76b800 JavaThread "C2 CompilerThread1" daemon [_thread_blocked, id=5552, stack(0x000000000abb0000,0x000000000acb0000)]
  0x000000000a76a000 JavaThread "C2 CompilerThread0" daemon [_thread_blocked, id=4888, stack(0x000000000a350000,0x000000000a450000)]
  0x0000000008544000 JavaThread "JDWP Command Reader" daemon [_thread_in_native, id=2256, stack(0x000000000a660000,0x000000000a760000)]
  0x0000000008543000 JavaThread "JDWP Event Helper Thread" daemon [_thread_blocked, id=5508, stack(0x0000000009970000,0x0000000009a70000)]
=>0x000000000853e800 JavaThread "JDWP Transport Listener: dt_socket" daemon [_thread_in_vm, id=3108, stack(0x000000000a050000,0x000000000a150000)]
  0x0000000008530800 JavaThread "Attach Listener" daemon [_thread_blocked, id=5384, stack(0x0000000009c50000,0x0000000009d50000)]
  0x0000000008529800 JavaThread "Signal Dispatcher" daemon [_thread_blocked, id=4912, stack(0x0000000009a90000,0x0000000009b90000)]
  0x00000000084cf000 JavaThread "Finalizer" daemon [_thread_blocked, id=3104, stack(0x0000000009820000,0x0000000009920000)]
  0x00000000084cd800 JavaThread "Reference Handler" daemon [_thread_blocked, id=5448, stack(0x00000000095c0000,0x00000000096c0000)]
  0x000000000204f000 JavaThread "main" [_thread_blocked, id=5496, stack(0x0000000002320000,0x0000000002420000)]

Other Threads:
  0x00000000084c7800 VMThread [stack: 0x0000000009470000,0x0000000009570000] [id=5320]
  0x000000000a784000 WatcherThread [stack: 0x000000000ad60000,0x000000000ae60000] [id=5220]

VM state:not at safepoint (normal execution)

VM Mutex/Monitor currently owned by a thread: None

Heap
 PSYoungGen      total 18944K, used 5903K [0x00000000eb200000, 0x00000000ec700000, 0x0000000100000000)
  eden space 16384K, 21% used [0x00000000eb200000,0x00000000eb57a038,0x00000000ec200000)
  from space 2560K, 91% used [0x00000000ec200000,0x00000000ec449ca8,0x00000000ec480000)
  to   space 2560K, 0% used [0x00000000ec480000,0x00000000ec480000,0x00000000ec700000)
 ParOldGen       total 42496K, used 8K [0x00000000c1600000, 0x00000000c3f80000, 0x00000000eb200000)
  object space 42496K, 0% used [0x00000000c1600000,0x00000000c1602000,0x00000000c3f80000)
 PSPermGen       total 21504K, used 5152K [0x00000000bc400000, 0x00000000bd900000, 0x00000000c1600000)
  object space 21504K, 23% used [0x00000000bc400000,0x00000000bc908238,0x00000000bd900000)

Card table byte_map: [0x0000000005420000,0x0000000005640000] byte_map_base: 0x0000000004e3e000

Polling page: 0x0000000000330000

Code Cache  [0x0000000002420000, 0x0000000002690000, 0x0000000005420000)
 total_blobs=342 nmethods=114 adapters=188 free_code_cache=48455Kb largest_free_block=49587840

Compilation events (10 events):
Event: 305.876 Thread 0x000000000a76a000  110             java.math.MutableBigInteger::subtract (226 bytes)
Event: 305.893 Thread 0x000000000a76b800  111             java.math.MutableBigInteger::primitiveRightShift (80 bytes)
Event: 305.897 Thread 0x000000000a76b800 nmethod 111 0x00000000024bfc50 code [0x00000000024bfda0, 0x00000000024c0018]
Event: 305.897 Thread 0x000000000a76b800  112             java.math.MutableBigInteger::add (346 bytes)
Event: 305.917 Thread 0x000000000a76a000 nmethod 110 0x00000000024d18d0 code [0x00000000024d1a60, 0x00000000024d2c08]
Event: 305.917 Thread 0x000000000a76a000  113             java.math.MutableBigInteger::primitiveLeftShift (89 bytes)
Event: 305.920 Thread 0x000000000a76a000 nmethod 113 0x00000000024cb7d0 code [0x00000000024cb920, 0x00000000024cbb78]
Event: 305.920 Thread 0x000000000a76a000  114             java.lang.Integer::numberOfLeadingZeros (76 bytes)
Event: 305.920 Thread 0x000000000a76a000 nmethod 114 0x00000000024c2210 code [0x00000000024c2340, 0x00000000024c23d8]
Event: 305.922 Thread 0x000000000a76b800 nmethod 112 0x00000000024d0310 code [0x00000000024d0480, 0x00000000024d1338]

GC Heap History (2 events):
Event: 9.256 GC heap before
{Heap before GC invocations=1 (full 0):
 PSYoungGen      total 18944K, used 16384K [0x00000000eb200000, 0x00000000ec700000, 0x0000000100000000)
  eden space 16384K, 100% used [0x00000000eb200000,0x00000000ec200000,0x00000000ec200000)
  from space 2560K, 0% used [0x00000000ec480000,0x00000000ec480000,0x00000000ec700000)
  to   space 2560K, 0% used [0x00000000ec200000,0x00000000ec200000,0x00000000ec480000)
 ParOldGen       total 42496K, used 0K [0x00000000c1600000, 0x00000000c3f80000, 0x00000000eb200000)
  object space 42496K, 0% used [0x00000000c1600000,0x00000000c1600000,0x00000000c3f80000)
 PSPermGen       total 21504K, used 4726K [0x00000000bc400000, 0x00000000bd900000, 0x00000000c1600000)
  object space 21504K, 21% used [0x00000000bc400000,0x00000000bc89d800,0x00000000bd900000)
Event: 9.260 GC heap after
Heap after GC invocations=1 (full 0):
 PSYoungGen      total 18944K, used 2343K [0x00000000eb200000, 0x00000000ec700000, 0x0000000100000000)
  eden space 16384K, 0% used [0x00000000eb200000,0x00000000eb200000,0x00000000ec200000)
  from space 2560K, 91% used [0x00000000ec200000,0x00000000ec449ca8,0x00000000ec480000)
  to   space 2560K, 0% used [0x00000000ec480000,0x00000000ec480000,0x00000000ec700000)
 ParOldGen       total 42496K, used 8K [0x00000000c1600000, 0x00000000c3f80000, 0x00000000eb200000)
  object space 42496K, 0% used [0x00000000c1600000,0x00000000c1602000,0x00000000c3f80000)
 PSPermGen       total 21504K, used 4726K [0x00000000bc400000, 0x00000000bd900000, 0x00000000c1600000)
  object space 21504K, 21% used [0x00000000bc400000,0x00000000bc89d800,0x00000000bd900000)
}

Deoptimization events (3 events):
Event: 0.202 Thread 0x000000000204f000 Uncommon trap: reason=null_check action=make_not_entrant pc=0x000000000248da5c method=java.util.jar.Attributes.putValue(Ljava/lang/String;Ljava/lang/String;)Ljava/lang/String; @ 13
Event: 0.276 Thread 0x000000000204f000 Uncommon trap: reason=unreached action=reinterpret pc=0x0000000002481948 method=java.lang.String.equals(Ljava/lang/Object;)Z @ 2
Event: 0.444 Thread 0x000000000204f000 Uncommon trap: reason=null_check action=make_not_entrant pc=0x00000000024987d0 method=java.lang.StringCoding.deref(Ljava/lang/ThreadLocal;)Ljava/lang/Object; @ 4

Internal exceptions (10 events):
Event: 0.470 Thread 0x000000000204f000 Threw 0x00000000ebd17a28 at C:\re\jdk7u51\527\hotspot\src\share\vm\prims\jvm.cpp:1244
Event: 0.471 Thread 0x000000000204f000 Threw 0x00000000ebd1d818 at C:\re\jdk7u51\527\hotspot\src\share\vm\prims\jvm.cpp:1244
Event: 0.472 Thread 0x000000000204f000 Threw 0x00000000ebd211f0 at C:\re\jdk7u51\527\hotspot\src\share\vm\prims\jvm.cpp:1244
Event: 0.472 Thread 0x000000000204f000 Threw 0x00000000ebd24690 at C:\re\jdk7u51\527\hotspot\src\share\vm\prims\jvm.cpp:1244
Event: 0.473 Thread 0x000000000204f000 Threw 0x00000000ebd27ff8 at C:\re\jdk7u51\527\hotspot\src\share\vm\prims\jvm.cpp:1244
Event: 2.784 Thread 0x000000000204f000 Threw 0x00000000ebd3ae00 at C:\re\jdk7u51\527\hotspot\src\share\vm\prims\jvm.cpp:1244
Event: 9.295 Thread 0x000000000204f000 Threw 0x00000000eb23a4d0 at C:\re\jdk7u51\527\hotspot\src\share\vm\prims\jvm.cpp:1244
Event: 9.295 Thread 0x000000000204f000 Threw 0x00000000eb23a5f8 at C:\re\jdk7u51\527\hotspot\src\share\vm\prims\jvm.cpp:1244
Event: 9.711 Thread 0x000000000204f000 Threw 0x00000000eb55ea80 at C:\re\jdk7u51\527\hotspot\src\share\vm\prims\jni.cpp:717
Event: 9.711 Thread 0x000000000204f000 Threw 0x00000000eb55ef38 at C:\re\jdk7u51\527\hotspot\src\share\vm\prims\jvm.cpp:1244

Events (10 events):
Event: 305.976 loading class 0x00000000020dddb0
Event: 305.976 loading class 0x00000000020de020
Event: 305.976 loading class 0x00000000020de020 done
Event: 305.976 loading class 0x00000000020dddb0 done
Event: 305.977 loading class 0x000000000a8f1d80
Event: 305.977 loading class 0x000000000a8f1d80 done
Event: 305.990 Executing VM operation: GetOrSetLocal
Event: 305.990 Executing VM operation: GetOrSetLocal done
Event: 306.176 Executing VM operation: GetOrSetLocal
Event: 306.176 Executing VM operation: GetOrSetLocal done


Dynamic libraries:
0x000000013fe80000 - 0x000000013feb3000 	C:\Program Files\Java\jre7\bin\javaw.exe
0x0000000077600000 - 0x00000000777a9000 	C:\Windows\SYSTEM32\ntdll.dll
0x00000000773e0000 - 0x00000000774ff000 	C:\Windows\system32\kernel32.dll
0x000007fefd730000 - 0x000007fefd79b000 	C:\Windows\system32\KERNELBASE.dll
0x000007feff5a0000 - 0x000007feff67b000 	C:\Windows\system32\ADVAPI32.dll
0x000007fefe180000 - 0x000007fefe21f000 	C:\Windows\system32\msvcrt.dll
0x000007fefdda0000 - 0x000007fefddbf000 	C:\Windows\SYSTEM32\sechost.dll
0x000007fefde10000 - 0x000007fefdf3d000 	C:\Windows\system32\RPCRT4.dll
0x0000000077500000 - 0x00000000775fa000 	C:\Windows\system32\USER32.dll
0x000007fefe5a0000 - 0x000007fefe607000 	C:\Windows\system32\GDI32.dll
0x000007feff900000 - 0x000007feff90e000 	C:\Windows\system32\LPK.dll
0x000007fefe400000 - 0x000007fefe4c9000 	C:\Windows\system32\USP10.dll
0x000007fefbe50000 - 0x000007fefc044000 	C:\Windows\WinSxS\amd64_microsoft.windows.common-controls_6595b64144ccf1df_6.0.7601.17514_none_fa396087175ac9ac\COMCTL32.dll
0x000007fefdb10000 - 0x000007fefdb81000 	C:\Windows\system32\SHLWAPI.dll
0x000007fefe4d0000 - 0x000007fefe4fe000 	C:\Windows\system32\IMM32.DLL
0x000007feff6f0000 - 0x000007feff7f9000 	C:\Windows\system32\MSCTF.dll
0x0000000071490000 - 0x0000000071562000 	C:\Program Files\Java\jre7\bin\msvcr100.dll
0x0000000070cc0000 - 0x0000000071489000 	C:\Program Files\Java\jre7\bin\server\jvm.dll
0x000007fef8dd0000 - 0x000007fef8dd9000 	C:\Windows\system32\WSOCK32.dll
0x000007fefddc0000 - 0x000007fefde0d000 	C:\Windows\system32\WS2_32.dll
0x000007feff680000 - 0x000007feff688000 	C:\Windows\system32\NSI.dll
0x000007fef4660000 - 0x000007fef469b000 	C:\Windows\system32\WINMM.dll
0x00000000777d0000 - 0x00000000777d7000 	C:\Windows\system32\PSAPI.DLL
0x0000000074000000 - 0x000000007400f000 	C:\Program Files\Java\jre7\bin\verify.dll
0x0000000071620000 - 0x0000000071648000 	C:\Program Files\Java\jre7\bin\java.dll
0x0000000069030000 - 0x0000000069065000 	C:\Program Files\Java\jre7\bin\jdwp.dll
0x0000000068fe0000 - 0x0000000068fe8000 	C:\Program Files\Java\jre7\bin\npt.dll
0x0000000073eb0000 - 0x0000000073ec5000 	C:\Program Files\Java\jre7\bin\zip.dll
0x0000000068fd0000 - 0x0000000068fd9000 	C:\Program Files\Java\jre7\bin\dt_socket.dll
0x000007fefacc0000 - 0x000007fefacd5000 	C:\Windows\system32\NLAapi.dll
0x000007fefb2a0000 - 0x000007fefb2b5000 	C:\Windows\system32\napinsp.dll
0x000007fefb140000 - 0x000007fefb159000 	C:\Windows\system32\pnrpnsp.dll
0x000007fefcc00000 - 0x000007fefcc55000 	C:\Windows\System32\mswsock.dll
0x000007fefca80000 - 0x000007fefcadb000 	C:\Windows\system32\DNSAPI.dll
0x000007fefb290000 - 0x000007fefb29b000 	C:\Windows\System32\winrnr.dll
0x000007fefb130000 - 0x000007fefb140000 	C:\Windows\system32\wshbth.dll
0x000007fefab70000 - 0x000007fefab97000 	C:\Windows\system32\IPHLPAPI.DLL
0x000007fefab50000 - 0x000007fefab5b000 	C:\Windows\system32\WINNSI.DLL
0x000007fefa9e0000 - 0x000007fefaa33000 	C:\Windows\System32\fwpuclnt.dll
0x000007fefa0f0000 - 0x000007fefa0f8000 	C:\Windows\system32\rasadhlp.dll
0x000007fefc5e0000 - 0x000007fefc5e7000 	C:\Windows\System32\wshtcpip.dll
0x000007fefcc60000 - 0x000007fefcc77000 	C:\Windows\system32\CRYPTSP.dll
0x000007fefc960000 - 0x000007fefc9a7000 	C:\Windows\system32\rsaenh.dll
0x000007fefc700000 - 0x000007fefc71e000 	C:\Windows\system32\USERENV.dll
0x000007fefd3b0000 - 0x000007fefd3bf000 	C:\Windows\system32\profapi.dll
0x000007fefd2e0000 - 0x000007fefd2ef000 	C:\Windows\system32\CRYPTBASE.dll
0x0000000073e90000 - 0x0000000073ea9000 	C:\Program Files\Java\jre7\bin\net.dll
0x000007fefcbf0000 - 0x000007fefcbf7000 	C:\Windows\System32\wship6.dll
0x0000000071600000 - 0x0000000071611000 	C:\Program Files\Java\jre7\bin\nio.dll
0x0000000068f70000 - 0x0000000068f94000 	C:\Program Files\Java\jre7\bin\sunec.dll
0x000007fef5320000 - 0x000007fef5445000 	C:\Windows\system32\dbghelp.dll

VM Arguments:
jvm_args: -agentlib:jdwp=transport=dt_socket,suspend=y,address=localhost:58351 -Dfile.encoding=Cp1252 
java_command: org.evoting.security.ElGamalTester 100
Launcher Type: SUN_STANDARD

Environment Variables:
JAVA_HOME=C:\Program Files\Java\jdk1.7.0_51
PATH=C:\Windows\system32;C:\Windows;C:\Windows\System32\Wbem;C:\Windows\System32\WindowsPowerShell\v1.0\;C:\Program Files (x86)\Windows Kits\8.1\Windows Performance Toolkit\;C:\Program Files\Microsoft SQL Server\110\Tools\Binn\;C:\Program Files\TortoiseSVN\bin;C:\Program Files\Java\jdk1.7.0_51\bin;C:\Program Files\Jolie;C:\Program Files\apache-ant-1.9.3/bin
USERNAME=Mikkel
OS=Windows_NT
PROCESSOR_IDENTIFIER=Intel64 Family 6 Model 42 Stepping 7, GenuineIntel



---------------  S Y S T E M  ---------------

OS: Windows 7 , 64 bit Build 7601 Service Pack 1

CPU:total 4 (2 cores per cpu, 2 threads per core) family 6 model 42 stepping 7, cmov, cx8, fxsr, mmx, sse, sse2, sse3, ssse3, sse4.1, sse4.2, popcnt, avx, aes, ht, tsc, tscinvbit

Memory: 4k page, physical 4102896k(1023340k free), swap 8203928k(3895976k free)

vm_info: Java HotSpot(TM) 64-Bit Server VM (24.51-b03) for windows-amd64 JRE (1.7.0_51-b13), built on Dec 18 2013 18:40:56 by "java_re" with unknown MS VC++:1600

time: Fri Mar 21 15:33:36 2014
elapsed time: 306 seconds

