#
# A fatal error has been detected by the Java Runtime Environment:
#
#  EXCEPTION_ACCESS_VIOLATION (0xc0000005) at pc=0x0000000070d14419, pid=4948, tid=1108
#
# JRE version: Java(TM) SE Runtime Environment (7.0_51-b13) (build 1.7.0_51-b13)
# Java VM: Java HotSpot(TM) 64-Bit Server VM (24.51-b03 mixed mode windows-amd64 compressed oops)
# Problematic frame:
# V  [jvm.dll+0x54419]
#
# Failed to write core dump. Minidumps are not enabled by default on client versions of Windows
#
# If you would like to submit a bug report, please visit:
#   http://bugreport.sun.com/bugreport/crash.jsp
#

---------------  T H R E A D  ---------------

Current thread (0x00000000081d7800):  JavaThread "JDWP Transport Listener: dt_socket" daemon [_thread_in_vm, id=1108, stack(0x000000000a1b0000,0x000000000a2b0000)]

siginfo: ExceptionCode=0xc0000005, reading address 0x000000000000000c

Registers:
RAX=0x000000000000000c, RBX=0x00000000081d7800, RCX=0x0000000000000000, RDX=0x0000000000000000
RSP=0x000000000a2af200, RBP=0x000000000000000c, RSI=0x0000000000000000, RDI=0x0000000000000010
R8 =0x00000000ebdf7208, R9 =0x0000000000000000, R10=0x0000000000000000, R11=0x0000000000000001
R12=0x0000000000000000, R13=0x00000000081cb248, R14=0x0000000000000000, R15=0x0000000000000000
RIP=0x0000000070d14419, EFLAGS=0x0000000000010246

Top of Stack: (sp=0x000000000a2af200)
0x000000000a2af200:   00000000081d7800 0000000000000000
0x000000000a2af210:   0000000000000000 00000000081d7800
0x000000000a2af220:   0000000000000000 0000000070ddb2b7
0x000000000a2af230:   00000000ebdf7208 000000000a2af350
0x000000000a2af240:   0000000008178d40 000000000a2af320
0x000000000a2af250:   00000000081d7800 0000000000000000
0x000000000a2af260:   0000000008178d40 000000000a2af350
0x000000000a2af270:   0000000000000000 00000000081cb248
0x000000000a2af280:   0000000000000000 0000000069037d15
0x000000000a2af290:   000000000a2af320 000000000a2af350
0x000000000a2af2a0:   0000000008178d40 00000000081d79e8
0x000000000a2af2b0:   000000000a69730a 000000006903f08c
0x000000000a2af2c0:   0000000008010a01 000000000a2af3c0
0x000000000a2af2d0:   00000000081cae01 0000000000000007
0x000000000a2af2e0:   000024d500000013 0000000008010a00
0x000000000a2af2f0:   0000000002052bd0 0000000070e4bcca 

Instructions: (pc=0x0000000070d14419)
0x0000000070d143f9:   d2 48 8b c5 eb 18 48 8b d0 48 8b c5 48 d3 e2 48
0x0000000070d14409:   03 15 a1 74 69 00 eb 06 48 8b 12 48 8b c7 48 98
0x0000000070d14419:   8b 14 10 85 d2 74 2a 45 84 db 4c 63 c6 48 0f 45
0x0000000070d14429:   fd 8d 47 0b 48 63 c8 48 83 e1 f8 48 c1 e9 03 8d 


Register to memory mapping:

RAX=0x000000000000000c is an unknown value
RBX=0x00000000081d7800 is a thread
RCX=0x0000000000000000 is an unknown value
RDX=0x0000000000000000 is an unknown value
RSP=0x000000000a2af200 is pointing into the stack for thread: 0x00000000081d7800
RBP=0x000000000000000c is an unknown value
RSI=0x0000000000000000 is an unknown value
RDI=0x0000000000000010 is an unknown value
R8 =0x00000000ebdf7208 is an oop
java.lang.String 
 - klass: 'java/lang/String'
R9 =0x0000000000000000 is an unknown value
R10=0x0000000000000000 is an unknown value
R11=0x0000000000000001 is an unknown value
R12=0x0000000000000000 is an unknown value
R13=0x00000000081cb248 is an unknown value
R14=0x0000000000000000 is an unknown value
R15=0x0000000000000000 is an unknown value


Stack: [0x000000000a1b0000,0x000000000a2b0000],  sp=0x000000000a2af200,  free space=1020k
Native frames: (J=compiled Java code, j=interpreted, Vv=VM code, C=native code)
V  [jvm.dll+0x54419]


---------------  P R O C E S S  ---------------

Java Threads: ( => current thread )
  0x000000000a3ef800 JavaThread "Service Thread" daemon [_thread_blocked, id=460, stack(0x0000000009fd0000,0x000000000a0d0000)]
  0x000000000a3ed000 JavaThread "C2 CompilerThread1" daemon [_thread_blocked, id=4716, stack(0x0000000009e10000,0x0000000009f10000)]
  0x00000000081ee800 JavaThread "C2 CompilerThread0" daemon [_thread_blocked, id=4480, stack(0x000000000a920000,0x000000000aa20000)]
  0x000000000a3e9800 JavaThread "JDWP Command Reader" daemon [_thread_in_native, id=2880, stack(0x000000000a7f0000,0x000000000a8f0000)]
  0x00000000081e3000 JavaThread "JDWP Event Helper Thread" daemon [_thread_blocked, id=1948, stack(0x000000000a2e0000,0x000000000a3e0000)]
=>0x00000000081d7800 JavaThread "JDWP Transport Listener: dt_socket" daemon [_thread_in_vm, id=1108, stack(0x000000000a1b0000,0x000000000a2b0000)]
  0x00000000081d1000 JavaThread "Attach Listener" daemon [_thread_blocked, id=4108, stack(0x0000000009910000,0x0000000009a10000)]
  0x00000000081c9800 JavaThread "Signal Dispatcher" daemon [_thread_blocked, id=3780, stack(0x0000000009590000,0x0000000009690000)]
  0x0000000008174800 JavaThread "Finalizer" daemon [_thread_blocked, id=6096, stack(0x00000000096d0000,0x00000000097d0000)]
  0x000000000816d800 JavaThread "Reference Handler" daemon [_thread_blocked, id=5040, stack(0x0000000009480000,0x0000000009580000)]
  0x000000000214f000 JavaThread "main" [_thread_blocked, id=5660, stack(0x00000000023a0000,0x00000000024a0000)]

Other Threads:
  0x0000000008167800 VMThread [stack: 0x0000000009320000,0x0000000009420000] [id=1748]
  0x000000000a40d000 WatcherThread [stack: 0x00000000097e0000,0x00000000098e0000] [id=920]

VM state:not at safepoint (normal execution)

VM Mutex/Monitor currently owned by a thread: None

Heap
 PSYoungGen      total 18944K, used 14680K [0x00000000eb200000, 0x00000000ec700000, 0x0000000100000000)
  eden space 16384K, 76% used [0x00000000eb200000,0x00000000ebe38548,0x00000000ec200000)
  from space 2560K, 84% used [0x00000000ec200000,0x00000000ec41dc98,0x00000000ec480000)
  to   space 2560K, 0% used [0x00000000ec480000,0x00000000ec480000,0x00000000ec700000)
 ParOldGen       total 42496K, used 8K [0x00000000c1600000, 0x00000000c3f80000, 0x00000000eb200000)
  object space 42496K, 0% used [0x00000000c1600000,0x00000000c1602000,0x00000000c3f80000)
 PSPermGen       total 21504K, used 5157K [0x00000000bc400000, 0x00000000bd900000, 0x00000000c1600000)
  object space 21504K, 23% used [0x00000000bc400000,0x00000000bc909508,0x00000000bd900000)

Card table byte_map: [0x00000000054a0000,0x00000000056c0000] byte_map_base: 0x0000000004ebe000

Polling page: 0x0000000000230000

Code Cache  [0x00000000024a0000, 0x0000000002710000, 0x00000000054a0000)
 total_blobs=355 nmethods=127 adapters=188 free_code_cache=48422Kb largest_free_block=49545088

Compilation events (10 events):
Event: 12.945 Thread 0x00000000081ee800  125             java.util.HashMap::addEntry (69 bytes)
Event: 12.946 Thread 0x00000000081ee800 nmethod 125 0x0000000002551950 code [0x0000000002551ac0, 0x0000000002551cf8]
Event: 13.696 Thread 0x000000000a3ed000  126             java.math.MutableBigInteger::subtract (226 bytes)
Event: 13.701 Thread 0x00000000081ee800  127             java.math.MutableBigInteger::add (346 bytes)
Event: 13.729 Thread 0x000000000a3ed000 nmethod 126 0x0000000002557d50 code [0x0000000002557ee0, 0x0000000002559048]
Event: 13.729 Thread 0x000000000a3ed000  128             java.math.MutableBigInteger::primitiveRightShift (80 bytes)
Event: 13.729 Thread 0x00000000081ee800 nmethod 127 0x000000000255ead0 code [0x000000000255ec40, 0x000000000255fb18]
Event: 13.729 Thread 0x00000000081ee800  129             java.math.MutableBigInteger::primitiveLeftShift (89 bytes)
Event: 13.732 Thread 0x000000000a3ed000 nmethod 128 0x000000000255cc50 code [0x000000000255cda0, 0x000000000255d018]
Event: 13.734 Thread 0x00000000081ee800 nmethod 129 0x000000000255c750 code [0x000000000255c8a0, 0x000000000255caf8]

GC Heap History (2 events):
Event: 6.702 GC heap before
{Heap before GC invocations=1 (full 0):
 PSYoungGen      total 18944K, used 16384K [0x00000000eb200000, 0x00000000ec700000, 0x0000000100000000)
  eden space 16384K, 100% used [0x00000000eb200000,0x00000000ec200000,0x00000000ec200000)
  from space 2560K, 0% used [0x00000000ec480000,0x00000000ec480000,0x00000000ec700000)
  to   space 2560K, 0% used [0x00000000ec200000,0x00000000ec200000,0x00000000ec480000)
 ParOldGen       total 42496K, used 0K [0x00000000c1600000, 0x00000000c3f80000, 0x00000000eb200000)
  object space 42496K, 0% used [0x00000000c1600000,0x00000000c1600000,0x00000000c3f80000)
 PSPermGen       total 21504K, used 4591K [0x00000000bc400000, 0x00000000bd900000, 0x00000000c1600000)
  object space 21504K, 21% used [0x00000000bc400000,0x00000000bc87bf68,0x00000000bd900000)
Event: 6.706 GC heap after
Heap after GC invocations=1 (full 0):
 PSYoungGen      total 18944K, used 2167K [0x00000000eb200000, 0x00000000ec700000, 0x0000000100000000)
  eden space 16384K, 0% used [0x00000000eb200000,0x00000000eb200000,0x00000000ec200000)
  from space 2560K, 84% used [0x00000000ec200000,0x00000000ec41dc98,0x00000000ec480000)
  to   space 2560K, 0% used [0x00000000ec480000,0x00000000ec480000,0x00000000ec700000)
 ParOldGen       total 42496K, used 8K [0x00000000c1600000, 0x00000000c3f80000, 0x00000000eb200000)
  object space 42496K, 0% used [0x00000000c1600000,0x00000000c1602000,0x00000000c3f80000)
 PSPermGen       total 21504K, used 4591K [0x00000000bc400000, 0x00000000bd900000, 0x00000000c1600000)
  object space 21504K, 21% used [0x00000000bc400000,0x00000000bc87bf68,0x00000000bd900000)
}

Deoptimization events (3 events):
Event: 0.225 Thread 0x000000000214f000 Uncommon trap: reason=null_check action=make_not_entrant pc=0x000000000250d01c method=java.util.jar.Attributes.putValue(Ljava/lang/String;Ljava/lang/String;)Ljava/lang/String; @ 13
Event: 0.292 Thread 0x000000000214f000 Uncommon trap: reason=unreached action=reinterpret pc=0x0000000002510b08 method=java.lang.String.equals(Ljava/lang/Object;)Z @ 2
Event: 0.471 Thread 0x000000000214f000 Uncommon trap: reason=null_check action=make_not_entrant pc=0x000000000251a350 method=java.lang.StringCoding.deref(Ljava/lang/ThreadLocal;)Ljava/lang/Object; @ 4

Internal exceptions (10 events):
Event: 0.497 Thread 0x000000000214f000 Threw 0x00000000ebd17a18 at C:\re\jdk7u51\527\hotspot\src\share\vm\prims\jvm.cpp:1244
Event: 0.498 Thread 0x000000000214f000 Threw 0x00000000ebd1d808 at C:\re\jdk7u51\527\hotspot\src\share\vm\prims\jvm.cpp:1244
Event: 0.499 Thread 0x000000000214f000 Threw 0x00000000ebd211e0 at C:\re\jdk7u51\527\hotspot\src\share\vm\prims\jvm.cpp:1244
Event: 0.500 Thread 0x000000000214f000 Threw 0x00000000ebd24680 at C:\re\jdk7u51\527\hotspot\src\share\vm\prims\jvm.cpp:1244
Event: 0.500 Thread 0x000000000214f000 Threw 0x00000000ebd27fe8 at C:\re\jdk7u51\527\hotspot\src\share\vm\prims\jvm.cpp:1244
Event: 2.584 Thread 0x000000000214f000 Threw 0x00000000ebd3b068 at C:\re\jdk7u51\527\hotspot\src\share\vm\prims\jvm.cpp:1244
Event: 12.547 Thread 0x000000000214f000 Threw 0x00000000ebb19768 at C:\re\jdk7u51\527\hotspot\src\share\vm\prims\jvm.cpp:1244
Event: 12.547 Thread 0x000000000214f000 Threw 0x00000000ebb19890 at C:\re\jdk7u51\527\hotspot\src\share\vm\prims\jvm.cpp:1244
Event: 12.968 Thread 0x000000000214f000 Threw 0x00000000ebdeb460 at C:\re\jdk7u51\527\hotspot\src\share\vm\prims\jni.cpp:717
Event: 12.968 Thread 0x000000000214f000 Threw 0x00000000ebdeb918 at C:\re\jdk7u51\527\hotspot\src\share\vm\prims\jvm.cpp:1244

Events (10 events):
Event: 13.734 Thread 0x00000000081ee800 flushing nmethod 0x000000000250bc50
Event: 13.734 Thread 0x00000000081ee800 flushing nmethod 0x0000000002510990
Event: 13.793 loading class 0x000000000209ddb0
Event: 13.793 loading class 0x000000000209e020
Event: 13.793 loading class 0x000000000209e020 done
Event: 13.793 loading class 0x000000000209ddb0 done
Event: 13.793 loading class 0x000000000aab9480
Event: 13.794 loading class 0x000000000aab9480 done
Event: 13.805 Executing VM operation: GetOrSetLocal
Event: 13.805 Executing VM operation: GetOrSetLocal done


Dynamic libraries:
0x000000013fd80000 - 0x000000013fdb3000 	C:\Program Files\Java\jre7\bin\javaw.exe
0x0000000077600000 - 0x00000000777a9000 	C:\Windows\SYSTEM32\ntdll.dll
0x00000000773e0000 - 0x00000000774ff000 	C:\Windows\system32\kernel32.dll
0x000007fefd730000 - 0x000007fefd79b000 	C:\Windows\system32\KERNELBASE.dll
0x000007feff5a0000 - 0x000007feff67b000 	C:\Windows\system32\ADVAPI32.dll
0x000007fefe180000 - 0x000007fefe21f000 	C:\Windows\system32\msvcrt.dll
0x000007fefdda0000 - 0x000007fefddbf000 	C:\Windows\SYSTEM32\sechost.dll
0x000007fefde10000 - 0x000007fefdf3d000 	C:\Windows\system32\RPCRT4.dll
0x0000000077500000 - 0x00000000775fa000 	C:\Windows\system32\USER32.dll
0x000007fefe5a0000 - 0x000007fefe607000 	C:\Windows\system32\GDI32.dll
0x000007feff900000 - 0x000007feff90e000 	C:\Windows\system32\LPK.dll
0x000007fefe400000 - 0x000007fefe4c9000 	C:\Windows\system32\USP10.dll
0x000007fefbe50000 - 0x000007fefc044000 	C:\Windows\WinSxS\amd64_microsoft.windows.common-controls_6595b64144ccf1df_6.0.7601.17514_none_fa396087175ac9ac\COMCTL32.dll
0x000007fefdb10000 - 0x000007fefdb81000 	C:\Windows\system32\SHLWAPI.dll
0x000007fefe4d0000 - 0x000007fefe4fe000 	C:\Windows\system32\IMM32.DLL
0x000007feff6f0000 - 0x000007feff7f9000 	C:\Windows\system32\MSCTF.dll
0x0000000071490000 - 0x0000000071562000 	C:\Program Files\Java\jre7\bin\msvcr100.dll
0x0000000070cc0000 - 0x0000000071489000 	C:\Program Files\Java\jre7\bin\server\jvm.dll
0x000007fef8dd0000 - 0x000007fef8dd9000 	C:\Windows\system32\WSOCK32.dll
0x000007fefddc0000 - 0x000007fefde0d000 	C:\Windows\system32\WS2_32.dll
0x000007feff680000 - 0x000007feff688000 	C:\Windows\system32\NSI.dll
0x000007fef4660000 - 0x000007fef469b000 	C:\Windows\system32\WINMM.dll
0x00000000777d0000 - 0x00000000777d7000 	C:\Windows\system32\PSAPI.DLL
0x0000000074000000 - 0x000000007400f000 	C:\Program Files\Java\jre7\bin\verify.dll
0x0000000071620000 - 0x0000000071648000 	C:\Program Files\Java\jre7\bin\java.dll
0x0000000069030000 - 0x0000000069065000 	C:\Program Files\Java\jre7\bin\jdwp.dll
0x0000000068fe0000 - 0x0000000068fe8000 	C:\Program Files\Java\jre7\bin\npt.dll
0x0000000073eb0000 - 0x0000000073ec5000 	C:\Program Files\Java\jre7\bin\zip.dll
0x0000000068fd0000 - 0x0000000068fd9000 	C:\Program Files\Java\jre7\bin\dt_socket.dll
0x000007fefacc0000 - 0x000007fefacd5000 	C:\Windows\system32\NLAapi.dll
0x000007fefb2a0000 - 0x000007fefb2b5000 	C:\Windows\system32\napinsp.dll
0x000007fefb140000 - 0x000007fefb159000 	C:\Windows\system32\pnrpnsp.dll
0x000007fefcc00000 - 0x000007fefcc55000 	C:\Windows\System32\mswsock.dll
0x000007fefca80000 - 0x000007fefcadb000 	C:\Windows\system32\DNSAPI.dll
0x000007fefb290000 - 0x000007fefb29b000 	C:\Windows\System32\winrnr.dll
0x000007fefb130000 - 0x000007fefb140000 	C:\Windows\system32\wshbth.dll
0x000007fefab70000 - 0x000007fefab97000 	C:\Windows\system32\IPHLPAPI.DLL
0x000007fefab50000 - 0x000007fefab5b000 	C:\Windows\system32\WINNSI.DLL
0x000007fefa9e0000 - 0x000007fefaa33000 	C:\Windows\System32\fwpuclnt.dll
0x000007fefa0f0000 - 0x000007fefa0f8000 	C:\Windows\system32\rasadhlp.dll
0x000007fefc5e0000 - 0x000007fefc5e7000 	C:\Windows\System32\wshtcpip.dll
0x000007fefcc60000 - 0x000007fefcc77000 	C:\Windows\system32\CRYPTSP.dll
0x000007fefc960000 - 0x000007fefc9a7000 	C:\Windows\system32\rsaenh.dll
0x000007fefc700000 - 0x000007fefc71e000 	C:\Windows\system32\USERENV.dll
0x000007fefd3b0000 - 0x000007fefd3bf000 	C:\Windows\system32\profapi.dll
0x000007fefd2e0000 - 0x000007fefd2ef000 	C:\Windows\system32\CRYPTBASE.dll
0x0000000073e90000 - 0x0000000073ea9000 	C:\Program Files\Java\jre7\bin\net.dll
0x000007fefcbf0000 - 0x000007fefcbf7000 	C:\Windows\System32\wship6.dll
0x0000000071600000 - 0x0000000071611000 	C:\Program Files\Java\jre7\bin\nio.dll
0x0000000068fa0000 - 0x0000000068fc4000 	C:\Program Files\Java\jre7\bin\sunec.dll
0x000007fef5320000 - 0x000007fef5445000 	C:\Windows\system32\dbghelp.dll

VM Arguments:
jvm_args: -agentlib:jdwp=transport=dt_socket,suspend=y,address=localhost:58347 -Dfile.encoding=Cp1252 
java_command: org.evoting.security.ElGamalTester 100
Launcher Type: SUN_STANDARD

Environment Variables:
JAVA_HOME=C:\Program Files\Java\jdk1.7.0_51
PATH=C:\Windows\system32;C:\Windows;C:\Windows\System32\Wbem;C:\Windows\System32\WindowsPowerShell\v1.0\;C:\Program Files (x86)\Windows Kits\8.1\Windows Performance Toolkit\;C:\Program Files\Microsoft SQL Server\110\Tools\Binn\;C:\Program Files\TortoiseSVN\bin;C:\Program Files\Java\jdk1.7.0_51\bin;C:\Program Files\Jolie;C:\Program Files\apache-ant-1.9.3/bin
USERNAME=Mikkel
OS=Windows_NT
PROCESSOR_IDENTIFIER=Intel64 Family 6 Model 42 Stepping 7, GenuineIntel



---------------  S Y S T E M  ---------------

OS: Windows 7 , 64 bit Build 7601 Service Pack 1

CPU:total 4 (2 cores per cpu, 2 threads per core) family 6 model 42 stepping 7, cmov, cx8, fxsr, mmx, sse, sse2, sse3, ssse3, sse4.1, sse4.2, popcnt, avx, aes, ht, tsc, tscinvbit

Memory: 4k page, physical 4102896k(1034764k free), swap 8203928k(3907968k free)

vm_info: Java HotSpot(TM) 64-Bit Server VM (24.51-b03) for windows-amd64 JRE (1.7.0_51-b13), built on Dec 18 2013 18:40:56 by "java_re" with unknown MS VC++:1600

time: Fri Mar 21 15:28:15 2014
elapsed time: 13 seconds

