#
# A fatal error has been detected by the Java Runtime Environment:
#
#  EXCEPTION_ACCESS_VIOLATION (0xc0000005) at pc=0x0000000070d14419, pid=5248, tid=4856
#
# JRE version: Java(TM) SE Runtime Environment (7.0_51-b13) (build 1.7.0_51-b13)
# Java VM: Java HotSpot(TM) 64-Bit Server VM (24.51-b03 mixed mode windows-amd64 compressed oops)
# Problematic frame:
# V  [jvm.dll+0x54419]
#
# Failed to write core dump. Minidumps are not enabled by default on client versions of Windows
#
# If you would like to submit a bug report, please visit:
#   http://bugreport.sun.com/bugreport/crash.jsp
#

---------------  T H R E A D  ---------------

Current thread (0x000000000849b000):  JavaThread "JDWP Transport Listener: dt_socket" daemon [_thread_in_vm, id=4856, stack(0x000000000a380000,0x000000000a480000)]

siginfo: ExceptionCode=0xc0000005, reading address 0x000000000000000c

Registers:
RAX=0x000000000000000c, RBX=0x000000000849b000, RCX=0x0000000000000000, RDX=0x0000000000000000
RSP=0x000000000a47f3a0, RBP=0x000000000000000c, RSI=0x0000000000000000, RDI=0x0000000000000010
R8 =0x00000000eb51fe60, R9 =0x0000000000000000, R10=0x0000000000000000, R11=0x0000000000000001
R12=0x0000000000000000, R13=0x000000000848b218, R14=0x0000000000000000, R15=0x0000000000000000
RIP=0x0000000070d14419, EFLAGS=0x0000000000010246

Top of Stack: (sp=0x000000000a47f3a0)
0x000000000a47f3a0:   000000000849b000 0000000000000000
0x000000000a47f3b0:   0000000000000000 000000000849b000
0x000000000a47f3c0:   0000000000000000 0000000070ddb2b7
0x000000000a47f3d0:   00000000eb51fe60 000000000a47f4f0
0x000000000a47f3e0:   0000000008438ca8 000000000a47f4c0
0x000000000a47f3f0:   000000000849b000 0000000000000000
0x000000000a47f400:   0000000008438ca8 000000000a47f4f0
0x000000000a47f410:   0000000000000000 000000000848b218
0x000000000a47f420:   0000000000000000 0000000069037d15
0x000000000a47f430:   000000000a47f4c0 000000000a47f4f0
0x000000000a47f440:   0000000008438ca8 000000000849b1e8
0x000000000a47f450:   000000000ac3aa0a 000000006903f08c
0x000000000a47f460:   0000000008010a01 000000000a47f560
0x000000000a47f470:   000000000848ae01 000000000ac3ba50
0x000000000a47f480:   0000305100000013 0000000008010a00
0x000000000a47f490:   0000000002072be0 0000000070e4bcca 

Instructions: (pc=0x0000000070d14419)
0x0000000070d143f9:   d2 48 8b c5 eb 18 48 8b d0 48 8b c5 48 d3 e2 48
0x0000000070d14409:   03 15 a1 74 69 00 eb 06 48 8b 12 48 8b c7 48 98
0x0000000070d14419:   8b 14 10 85 d2 74 2a 45 84 db 4c 63 c6 48 0f 45
0x0000000070d14429:   fd 8d 47 0b 48 63 c8 48 83 e1 f8 48 c1 e9 03 8d 


Register to memory mapping:

RAX=0x000000000000000c is an unknown value
RBX=0x000000000849b000 is a thread
RCX=0x0000000000000000 is an unknown value
RDX=0x0000000000000000 is an unknown value
RSP=0x000000000a47f3a0 is pointing into the stack for thread: 0x000000000849b000
RBP=0x000000000000000c is an unknown value
RSI=0x0000000000000000 is an unknown value
RDI=0x0000000000000010 is an unknown value
R8 =0x00000000eb51fe60 is an oop
java.lang.String 
 - klass: 'java/lang/String'
R9 =0x0000000000000000 is an unknown value
R10=0x0000000000000000 is an unknown value
R11=0x0000000000000001 is an unknown value
R12=0x0000000000000000 is an unknown value
R13=0x000000000848b218 is an unknown value
R14=0x0000000000000000 is an unknown value
R15=0x0000000000000000 is an unknown value


Stack: [0x000000000a380000,0x000000000a480000],  sp=0x000000000a47f3a0,  free space=1020k
Native frames: (J=compiled Java code, j=interpreted, Vv=VM code, C=native code)
V  [jvm.dll+0x54419]


---------------  P R O C E S S  ---------------

Java Threads: ( => current thread )
  0x000000000a497000 JavaThread "Service Thread" daemon [_thread_blocked, id=4840, stack(0x0000000009f30000,0x000000000a030000)]
  0x000000000a48d000 JavaThread "C2 CompilerThread1" daemon [_thread_blocked, id=3700, stack(0x000000000ab20000,0x000000000ac20000)]
  0x00000000084ae800 JavaThread "C2 CompilerThread0" daemon [_thread_blocked, id=1020, stack(0x000000000a910000,0x000000000aa10000)]
  0x00000000084a7800 JavaThread "JDWP Command Reader" daemon [_thread_in_native, id=4304, stack(0x000000000a0b0000,0x000000000a1b0000)]
  0x00000000084a6800 JavaThread "JDWP Event Helper Thread" daemon [_thread_blocked, id=4908, stack(0x0000000009c80000,0x0000000009d80000)]
=>0x000000000849b000 JavaThread "JDWP Transport Listener: dt_socket" daemon [_thread_in_vm, id=4856, stack(0x000000000a380000,0x000000000a480000)]
  0x0000000008490800 JavaThread "Attach Listener" daemon [_thread_blocked, id=5952, stack(0x00000000098a0000,0x00000000099a0000)]
  0x0000000008489800 JavaThread "Signal Dispatcher" daemon [_thread_blocked, id=4020, stack(0x0000000009790000,0x0000000009890000)]
  0x0000000008434800 JavaThread "Finalizer" daemon [_thread_blocked, id=4500, stack(0x0000000009660000,0x0000000009760000)]
  0x000000000842d800 JavaThread "Reference Handler" daemon [_thread_blocked, id=4912, stack(0x0000000009490000,0x0000000009590000)]
  0x000000000202f000 JavaThread "main" [_thread_blocked, id=4948, stack(0x00000000023b0000,0x00000000024b0000)]

Other Threads:
  0x0000000008427800 VMThread [stack: 0x0000000009330000,0x0000000009430000] [id=3652]
  0x000000000a4a5000 WatcherThread [stack: 0x000000000a260000,0x000000000a360000] [id=5620]

VM state:not at safepoint (normal execution)

VM Mutex/Monitor currently owned by a thread: None

Heap
 PSYoungGen      total 18944K, used 5757K [0x00000000eb200000, 0x00000000ec700000, 0x0000000100000000)
  eden space 16384K, 20% used [0x00000000eb200000,0x00000000eb535780,0x00000000ec200000)
  from space 2560K, 96% used [0x00000000ec200000,0x00000000ec469cc8,0x00000000ec480000)
  to   space 2560K, 0% used [0x00000000ec480000,0x00000000ec480000,0x00000000ec700000)
 ParOldGen       total 42496K, used 8K [0x00000000c1600000, 0x00000000c3f80000, 0x00000000eb200000)
  object space 42496K, 0% used [0x00000000c1600000,0x00000000c1602000,0x00000000c3f80000)
 PSPermGen       total 21504K, used 5150K [0x00000000bc400000, 0x00000000bd900000, 0x00000000c1600000)
  object space 21504K, 23% used [0x00000000bc400000,0x00000000bc9078f0,0x00000000bd900000)

Card table byte_map: [0x00000000054b0000,0x00000000056d0000] byte_map_base: 0x0000000004ece000

Polling page: 0x0000000001b50000

Code Cache  [0x00000000024b0000, 0x0000000002720000, 0x00000000054b0000)
 total_blobs=336 nmethods=108 adapters=188 free_code_cache=48479Kb largest_free_block=49614080

Compilation events (10 events):
Event: 8.399 Thread 0x00000000084ae800  104             java.lang.String::toUpperCase (439 bytes)
Event: 8.423 Thread 0x00000000084ae800 nmethod 104 0x000000000255acd0 code [0x000000000255aee0, 0x000000000255c4c0]
Event: 8.454 Thread 0x00000000084ae800  106             java.lang.CharacterDataLatin1::toUpperCaseEx (71 bytes)
Event: 8.454 Thread 0x000000000a48d000  105             java.lang.Character::toUpperCaseEx (30 bytes)
Event: 8.455 Thread 0x00000000084ae800 nmethod 106 0x0000000002548650 code [0x0000000002548780, 0x0000000002548858]
Event: 8.455 Thread 0x000000000a48d000 nmethod 105 0x0000000002559010 code [0x0000000002559160, 0x00000000025592b8]
Event: 8.477 Thread 0x00000000084ae800  107             sun.security.provider.DigestBase::engineUpdate (188 bytes)
Event: 8.483 Thread 0x00000000084ae800 nmethod 107 0x000000000255a2d0 code [0x000000000255a440, 0x000000000255a958]
Event: 8.576 Thread 0x000000000a48d000  108             sun.misc.BASE64Decoder::bytesPerAtom (2 bytes)
Event: 8.576 Thread 0x000000000a48d000 nmethod 108 0x00000000025465d0 code [0x0000000002546700, 0x0000000002546758]

GC Heap History (2 events):
Event: 8.173 GC heap before
{Heap before GC invocations=1 (full 0):
 PSYoungGen      total 18944K, used 16384K [0x00000000eb200000, 0x00000000ec700000, 0x0000000100000000)
  eden space 16384K, 100% used [0x00000000eb200000,0x00000000ec200000,0x00000000ec200000)
  from space 2560K, 0% used [0x00000000ec480000,0x00000000ec480000,0x00000000ec700000)
  to   space 2560K, 0% used [0x00000000ec200000,0x00000000ec200000,0x00000000ec480000)
 ParOldGen       total 42496K, used 0K [0x00000000c1600000, 0x00000000c3f80000, 0x00000000eb200000)
  object space 42496K, 0% used [0x00000000c1600000,0x00000000c1600000,0x00000000c3f80000)
 PSPermGen       total 21504K, used 4776K [0x00000000bc400000, 0x00000000bd900000, 0x00000000c1600000)
  object space 21504K, 22% used [0x00000000bc400000,0x00000000bc8aa060,0x00000000bd900000)
Event: 8.178 GC heap after
Heap after GC invocations=1 (full 0):
 PSYoungGen      total 18944K, used 2471K [0x00000000eb200000, 0x00000000ec700000, 0x0000000100000000)
  eden space 16384K, 0% used [0x00000000eb200000,0x00000000eb200000,0x00000000ec200000)
  from space 2560K, 96% used [0x00000000ec200000,0x00000000ec469cc8,0x00000000ec480000)
  to   space 2560K, 0% used [0x00000000ec480000,0x00000000ec480000,0x00000000ec700000)
 ParOldGen       total 42496K, used 8K [0x00000000c1600000, 0x00000000c3f80000, 0x00000000eb200000)
  object space 42496K, 0% used [0x00000000c1600000,0x00000000c1602000,0x00000000c3f80000)
 PSPermGen       total 21504K, used 4776K [0x00000000bc400000, 0x00000000bd900000, 0x00000000c1600000)
  object space 21504K, 22% used [0x00000000bc400000,0x00000000bc8aa060,0x00000000bd900000)
}

Deoptimization events (3 events):
Event: 0.201 Thread 0x000000000202f000 Uncommon trap: reason=null_check action=make_not_entrant pc=0x000000000251f79c method=java.util.jar.Attributes.putValue(Ljava/lang/String;Ljava/lang/String;)Ljava/lang/String; @ 13
Event: 0.261 Thread 0x000000000202f000 Uncommon trap: reason=unreached action=reinterpret pc=0x000000000251bb08 method=java.lang.String.equals(Ljava/lang/Object;)Z @ 2
Event: 0.430 Thread 0x000000000202f000 Uncommon trap: reason=null_check action=make_not_entrant pc=0x0000000002529b90 method=java.lang.StringCoding.deref(Ljava/lang/ThreadLocal;)Ljava/lang/Object; @ 4

Internal exceptions (10 events):
Event: 0.457 Thread 0x000000000202f000 Threw 0x00000000ebd178b0 at C:\re\jdk7u51\527\hotspot\src\share\vm\prims\jvm.cpp:1244
Event: 0.458 Thread 0x000000000202f000 Threw 0x00000000ebd1d6a0 at C:\re\jdk7u51\527\hotspot\src\share\vm\prims\jvm.cpp:1244
Event: 0.458 Thread 0x000000000202f000 Threw 0x00000000ebd21078 at C:\re\jdk7u51\527\hotspot\src\share\vm\prims\jvm.cpp:1244
Event: 0.459 Thread 0x000000000202f000 Threw 0x00000000ebd24518 at C:\re\jdk7u51\527\hotspot\src\share\vm\prims\jvm.cpp:1244
Event: 0.460 Thread 0x000000000202f000 Threw 0x00000000ebd27ee0 at C:\re\jdk7u51\527\hotspot\src\share\vm\prims\jvm.cpp:1244
Event: 4.302 Thread 0x000000000202f000 Threw 0x00000000ebd3b618 at C:\re\jdk7u51\527\hotspot\src\share\vm\prims\jvm.cpp:1244
Event: 8.169 Thread 0x000000000202f000 Threw 0x00000000ec1f6ec0 at C:\re\jdk7u51\527\hotspot\src\share\vm\prims\jvm.cpp:1244
Event: 8.169 Thread 0x000000000202f000 Threw 0x00000000ec1f6fe8 at C:\re\jdk7u51\527\hotspot\src\share\vm\prims\jvm.cpp:1244
Event: 8.584 Thread 0x000000000202f000 Threw 0x00000000eb51a218 at C:\re\jdk7u51\527\hotspot\src\share\vm\prims\jni.cpp:717
Event: 8.585 Thread 0x000000000202f000 Threw 0x00000000eb51a6d0 at C:\re\jdk7u51\527\hotspot\src\share\vm\prims\jvm.cpp:1244

Events (10 events):
Event: 9.816 Executing VM operation: ChangeSingleStep
Event: 9.816 Executing VM operation: ChangeSingleStep done
Event: 9.820 loading class 0x00000000020bddb0
Event: 9.820 loading class 0x00000000020be020
Event: 9.820 loading class 0x00000000020be020 done
Event: 9.820 loading class 0x00000000020bddb0 done
Event: 9.822 loading class 0x000000000a6983c0
Event: 9.823 loading class 0x000000000a6983c0 done
Event: 9.853 Executing VM operation: GetOrSetLocal
Event: 9.853 Executing VM operation: GetOrSetLocal done


Dynamic libraries:
0x000000013fbb0000 - 0x000000013fbe3000 	C:\Program Files\Java\jre7\bin\javaw.exe
0x0000000077600000 - 0x00000000777a9000 	C:\Windows\SYSTEM32\ntdll.dll
0x00000000773e0000 - 0x00000000774ff000 	C:\Windows\system32\kernel32.dll
0x000007fefd730000 - 0x000007fefd79b000 	C:\Windows\system32\KERNELBASE.dll
0x000007feff5a0000 - 0x000007feff67b000 	C:\Windows\system32\ADVAPI32.dll
0x000007fefe180000 - 0x000007fefe21f000 	C:\Windows\system32\msvcrt.dll
0x000007fefdda0000 - 0x000007fefddbf000 	C:\Windows\SYSTEM32\sechost.dll
0x000007fefde10000 - 0x000007fefdf3d000 	C:\Windows\system32\RPCRT4.dll
0x0000000077500000 - 0x00000000775fa000 	C:\Windows\system32\USER32.dll
0x000007fefe5a0000 - 0x000007fefe607000 	C:\Windows\system32\GDI32.dll
0x000007feff900000 - 0x000007feff90e000 	C:\Windows\system32\LPK.dll
0x000007fefe400000 - 0x000007fefe4c9000 	C:\Windows\system32\USP10.dll
0x000007fefbe50000 - 0x000007fefc044000 	C:\Windows\WinSxS\amd64_microsoft.windows.common-controls_6595b64144ccf1df_6.0.7601.17514_none_fa396087175ac9ac\COMCTL32.dll
0x000007fefdb10000 - 0x000007fefdb81000 	C:\Windows\system32\SHLWAPI.dll
0x000007fefe4d0000 - 0x000007fefe4fe000 	C:\Windows\system32\IMM32.DLL
0x000007feff6f0000 - 0x000007feff7f9000 	C:\Windows\system32\MSCTF.dll
0x0000000071490000 - 0x0000000071562000 	C:\Program Files\Java\jre7\bin\msvcr100.dll
0x0000000070cc0000 - 0x0000000071489000 	C:\Program Files\Java\jre7\bin\server\jvm.dll
0x000007fef8dd0000 - 0x000007fef8dd9000 	C:\Windows\system32\WSOCK32.dll
0x000007fefddc0000 - 0x000007fefde0d000 	C:\Windows\system32\WS2_32.dll
0x000007feff680000 - 0x000007feff688000 	C:\Windows\system32\NSI.dll
0x000007fef4660000 - 0x000007fef469b000 	C:\Windows\system32\WINMM.dll
0x00000000777d0000 - 0x00000000777d7000 	C:\Windows\system32\PSAPI.DLL
0x0000000074000000 - 0x000000007400f000 	C:\Program Files\Java\jre7\bin\verify.dll
0x0000000071620000 - 0x0000000071648000 	C:\Program Files\Java\jre7\bin\java.dll
0x0000000069030000 - 0x0000000069065000 	C:\Program Files\Java\jre7\bin\jdwp.dll
0x0000000068fe0000 - 0x0000000068fe8000 	C:\Program Files\Java\jre7\bin\npt.dll
0x0000000073eb0000 - 0x0000000073ec5000 	C:\Program Files\Java\jre7\bin\zip.dll
0x0000000068fd0000 - 0x0000000068fd9000 	C:\Program Files\Java\jre7\bin\dt_socket.dll
0x000007fefacc0000 - 0x000007fefacd5000 	C:\Windows\system32\NLAapi.dll
0x000007fefb2a0000 - 0x000007fefb2b5000 	C:\Windows\system32\napinsp.dll
0x000007fefb140000 - 0x000007fefb159000 	C:\Windows\system32\pnrpnsp.dll
0x000007fefcc00000 - 0x000007fefcc55000 	C:\Windows\System32\mswsock.dll
0x000007fefca80000 - 0x000007fefcadb000 	C:\Windows\system32\DNSAPI.dll
0x000007fefb290000 - 0x000007fefb29b000 	C:\Windows\System32\winrnr.dll
0x000007fefb130000 - 0x000007fefb140000 	C:\Windows\system32\wshbth.dll
0x000007fefab70000 - 0x000007fefab97000 	C:\Windows\system32\IPHLPAPI.DLL
0x000007fefab50000 - 0x000007fefab5b000 	C:\Windows\system32\WINNSI.DLL
0x000007fefa9e0000 - 0x000007fefaa33000 	C:\Windows\System32\fwpuclnt.dll
0x000007fefa0f0000 - 0x000007fefa0f8000 	C:\Windows\system32\rasadhlp.dll
0x000007fefc5e0000 - 0x000007fefc5e7000 	C:\Windows\System32\wshtcpip.dll
0x000007fefcc60000 - 0x000007fefcc77000 	C:\Windows\system32\CRYPTSP.dll
0x000007fefc960000 - 0x000007fefc9a7000 	C:\Windows\system32\rsaenh.dll
0x000007fefc700000 - 0x000007fefc71e000 	C:\Windows\system32\USERENV.dll
0x000007fefd3b0000 - 0x000007fefd3bf000 	C:\Windows\system32\profapi.dll
0x000007fefd2e0000 - 0x000007fefd2ef000 	C:\Windows\system32\CRYPTBASE.dll
0x0000000073e90000 - 0x0000000073ea9000 	C:\Program Files\Java\jre7\bin\net.dll
0x000007fefcbf0000 - 0x000007fefcbf7000 	C:\Windows\System32\wship6.dll
0x0000000071600000 - 0x0000000071611000 	C:\Program Files\Java\jre7\bin\nio.dll
0x0000000068fa0000 - 0x0000000068fc4000 	C:\Program Files\Java\jre7\bin\sunec.dll
0x000007fef5320000 - 0x000007fef5445000 	C:\Windows\system32\dbghelp.dll

VM Arguments:
jvm_args: -agentlib:jdwp=transport=dt_socket,suspend=y,address=localhost:58595 -Dfile.encoding=Cp1252 
java_command: org.evoting.security.ElGamalTester 100
Launcher Type: SUN_STANDARD

Environment Variables:
JAVA_HOME=C:\Program Files\Java\jdk1.7.0_51
PATH=C:\Windows\system32;C:\Windows;C:\Windows\System32\Wbem;C:\Windows\System32\WindowsPowerShell\v1.0\;C:\Program Files (x86)\Windows Kits\8.1\Windows Performance Toolkit\;C:\Program Files\Microsoft SQL Server\110\Tools\Binn\;C:\Program Files\TortoiseSVN\bin;C:\Program Files\Java\jdk1.7.0_51\bin;C:\Program Files\Jolie;C:\Program Files\apache-ant-1.9.3/bin
USERNAME=Mikkel
OS=Windows_NT
PROCESSOR_IDENTIFIER=Intel64 Family 6 Model 42 Stepping 7, GenuineIntel



---------------  S Y S T E M  ---------------

OS: Windows 7 , 64 bit Build 7601 Service Pack 1

CPU:total 4 (2 cores per cpu, 2 threads per core) family 6 model 42 stepping 7, cmov, cx8, fxsr, mmx, sse, sse2, sse3, ssse3, sse4.1, sse4.2, popcnt, avx, aes, ht, tsc, tscinvbit

Memory: 4k page, physical 4102896k(930756k free), swap 8203928k(3752596k free)

vm_info: Java HotSpot(TM) 64-Bit Server VM (24.51-b03) for windows-amd64 JRE (1.7.0_51-b13), built on Dec 18 2013 18:40:56 by "java_re" with unknown MS VC++:1600

time: Fri Mar 21 16:04:49 2014
elapsed time: 10 seconds

