#
# A fatal error has been detected by the Java Runtime Environment:
#
#  EXCEPTION_ACCESS_VIOLATION (0xc0000005) at pc=0x0000000070d14419, pid=3632, tid=2248
#
# JRE version: Java(TM) SE Runtime Environment (7.0_51-b13) (build 1.7.0_51-b13)
# Java VM: Java HotSpot(TM) 64-Bit Server VM (24.51-b03 mixed mode windows-amd64 compressed oops)
# Problematic frame:
# V  [jvm.dll+0x54419]
#
# Failed to write core dump. Minidumps are not enabled by default on client versions of Windows
#
# If you would like to submit a bug report, please visit:
#   http://bugreport.sun.com/bugreport/crash.jsp
#

---------------  T H R E A D  ---------------

Current thread (0x000000000851f800):  JavaThread "JDWP Transport Listener: dt_socket" daemon [_thread_in_vm, id=2248, stack(0x000000000a390000,0x000000000a490000)]

siginfo: ExceptionCode=0xc0000005, reading address 0x000000000000000c

Registers:
RAX=0x000000000000000c, RBX=0x000000000851f800, RCX=0x0000000000000000, RDX=0x0000000000000000
RSP=0x000000000a48f390, RBP=0x000000000000000c, RSI=0x0000000000000000, RDI=0x0000000000000010
R8 =0x00000000eb4cc1e8, R9 =0x0000000000000000, R10=0x0000000000000000, R11=0x0000000000000001
R12=0x0000000000000000, R13=0x00000000084fe588, R14=0x0000000000000000, R15=0x0000000000000000
RIP=0x0000000070d14419, EFLAGS=0x0000000000010246

Top of Stack: (sp=0x000000000a48f390)
0x000000000a48f390:   000000000851f800 0000000000000000
0x000000000a48f3a0:   0000000000000000 000000000851f800
0x000000000a48f3b0:   0000000000000000 0000000070ddb2b7
0x000000000a48f3c0:   00000000eb4cc1e8 000000000a48f4e0
0x000000000a48f3d0:   00000000084b0220 000000000a48f4b0
0x000000000a48f3e0:   000000000851f800 0000000000000000
0x000000000a48f3f0:   00000000084b0220 000000000a48f4e0
0x000000000a48f400:   0000000000000000 00000000084fe588
0x000000000a48f410:   0000000000000000 0000000069037d15
0x000000000a48f420:   000000000a48f4b0 000000000a48f4e0
0x000000000a48f430:   00000000084b0220 000000000851f9e8
0x000000000a48f440:   000000000b1a680a 000000006903f08c
0x000000000a48f450:   0000000008010a01 000000000a48f550
0x000000000a48f460:   00000000084fe101 0000000000000007
0x000000000a48f470:   00002a3c00000013 0000000008010a00
0x000000000a48f480:   00000000022c2bc0 0000000070e4bcca 

Instructions: (pc=0x0000000070d14419)
0x0000000070d143f9:   d2 48 8b c5 eb 18 48 8b d0 48 8b c5 48 d3 e2 48
0x0000000070d14409:   03 15 a1 74 69 00 eb 06 48 8b 12 48 8b c7 48 98
0x0000000070d14419:   8b 14 10 85 d2 74 2a 45 84 db 4c 63 c6 48 0f 45
0x0000000070d14429:   fd 8d 47 0b 48 63 c8 48 83 e1 f8 48 c1 e9 03 8d 


Register to memory mapping:

RAX=0x000000000000000c is an unknown value
RBX=0x000000000851f800 is a thread
RCX=0x0000000000000000 is an unknown value
RDX=0x0000000000000000 is an unknown value
RSP=0x000000000a48f390 is pointing into the stack for thread: 0x000000000851f800
RBP=0x000000000000000c is an unknown value
RSI=0x0000000000000000 is an unknown value
RDI=0x0000000000000010 is an unknown value
R8 =0x00000000eb4cc1e8 is an oop
java.lang.String 
 - klass: 'java/lang/String'
R9 =0x0000000000000000 is an unknown value
R10=0x0000000000000000 is an unknown value
R11=0x0000000000000001 is an unknown value
R12=0x0000000000000000 is an unknown value
R13=0x00000000084fe588 is an unknown value
R14=0x0000000000000000 is an unknown value
R15=0x0000000000000000 is an unknown value


Stack: [0x000000000a390000,0x000000000a490000],  sp=0x000000000a48f390,  free space=1020k
Native frames: (J=compiled Java code, j=interpreted, Vv=VM code, C=native code)
V  [jvm.dll+0x54419]


---------------  P R O C E S S  ---------------

Java Threads: ( => current thread )
  0x000000000a4ad800 JavaThread "Service Thread" daemon [_thread_blocked, id=5320, stack(0x000000000ae10000,0x000000000af10000)]
  0x000000000a4ab800 JavaThread "C2 CompilerThread1" daemon [_thread_blocked, id=2880, stack(0x000000000ac80000,0x000000000ad80000)]
  0x000000000a4a7800 JavaThread "C2 CompilerThread0" daemon [_thread_blocked, id=4104, stack(0x000000000ab10000,0x000000000ac10000)]
  0x000000000a49d800 JavaThread "JDWP Command Reader" daemon [_thread_in_native, id=5836, stack(0x000000000a910000,0x000000000aa10000)]
  0x000000000a493000 JavaThread "JDWP Event Helper Thread" daemon [_thread_blocked, id=5540, stack(0x000000000a090000,0x000000000a190000)]
=>0x000000000851f800 JavaThread "JDWP Transport Listener: dt_socket" daemon [_thread_in_vm, id=2248, stack(0x000000000a390000,0x000000000a490000)]
  0x0000000008503800 JavaThread "Attach Listener" daemon [_thread_blocked, id=5660, stack(0x0000000009ac0000,0x0000000009bc0000)]
  0x00000000084fc800 JavaThread "Signal Dispatcher" daemon [_thread_blocked, id=5488, stack(0x00000000098d0000,0x00000000099d0000)]
  0x00000000084a8000 JavaThread "Finalizer" daemon [_thread_blocked, id=5432, stack(0x0000000009740000,0x0000000009840000)]
  0x00000000084a1000 JavaThread "Reference Handler" daemon [_thread_blocked, id=3128, stack(0x0000000009580000,0x0000000009680000)]
  0x000000000227f000 JavaThread "main" [_thread_blocked, id=5728, stack(0x00000000024b0000,0x00000000025b0000)]

Other Threads:
  0x000000000849b800 VMThread [stack: 0x0000000009410000,0x0000000009510000] [id=3776]
  0x000000000a4c3000 WatcherThread [stack: 0x000000000b040000,0x000000000b140000] [id=3436]

VM state:not at safepoint (normal execution)

VM Mutex/Monitor currently owned by a thread: None

Heap
 PSYoungGen      total 18944K, used 5516K [0x00000000eb200000, 0x00000000ec700000, 0x0000000100000000)
  eden space 16384K, 18% used [0x00000000eb200000,0x00000000eb4ef4e8,0x00000000ec200000)
  from space 2560K, 98% used [0x00000000ec200000,0x00000000ec473c98,0x00000000ec480000)
  to   space 2560K, 0% used [0x00000000ec480000,0x00000000ec480000,0x00000000ec700000)
 ParOldGen       total 42496K, used 8K [0x00000000c1600000, 0x00000000c3f80000, 0x00000000eb200000)
  object space 42496K, 0% used [0x00000000c1600000,0x00000000c1602000,0x00000000c3f80000)
 PSPermGen       total 21504K, used 5149K [0x00000000bc400000, 0x00000000bd900000, 0x00000000c1600000)
  object space 21504K, 23% used [0x00000000bc400000,0x00000000bc9075c0,0x00000000bd900000)

Card table byte_map: [0x00000000055b0000,0x00000000057d0000] byte_map_base: 0x0000000004fce000

Polling page: 0x0000000000220000

Code Cache  [0x00000000025b0000, 0x0000000002820000, 0x00000000055b0000)
 total_blobs=335 nmethods=107 adapters=188 free_code_cache=48476Kb largest_free_block=49609408

Compilation events (10 events):
Event: 7.416 Thread 0x000000000a4a7800  103             java.lang.String::toUpperCase (439 bytes)
Event: 7.448 Thread 0x000000000a4a7800 nmethod 103 0x000000000265db50 code [0x000000000265dd60, 0x000000000265f340]
Event: 7.502 Thread 0x000000000a4ab800  104             java.lang.Character::toUpperCaseEx (30 bytes)
Event: 7.502 Thread 0x000000000a4a7800  105             java.lang.CharacterDataLatin1::toUpperCaseEx (71 bytes)
Event: 7.503 Thread 0x000000000a4a7800 nmethod 105 0x0000000002649590 code [0x00000000026496c0, 0x0000000002649798]
Event: 7.503 Thread 0x000000000a4ab800 nmethod 104 0x00000000026584d0 code [0x0000000002658620, 0x0000000002658778]
Event: 7.567 Thread 0x000000000a4a7800  106             sun.security.provider.DigestBase::engineUpdate (188 bytes)
Event: 7.575 Thread 0x000000000a4a7800 nmethod 106 0x0000000002657b10 code [0x0000000002657c80, 0x0000000002658178]
Event: 7.684 Thread 0x000000000a4ab800  107             sun.misc.BASE64Decoder::bytesPerAtom (2 bytes)
Event: 7.684 Thread 0x000000000a4ab800 nmethod 107 0x0000000002649390 code [0x00000000026494c0, 0x0000000002649518]

GC Heap History (2 events):
Event: 7.230 GC heap before
{Heap before GC invocations=1 (full 0):
 PSYoungGen      total 18944K, used 16384K [0x00000000eb200000, 0x00000000ec700000, 0x0000000100000000)
  eden space 16384K, 100% used [0x00000000eb200000,0x00000000ec200000,0x00000000ec200000)
  from space 2560K, 0% used [0x00000000ec480000,0x00000000ec480000,0x00000000ec700000)
  to   space 2560K, 0% used [0x00000000ec200000,0x00000000ec200000,0x00000000ec480000)
 ParOldGen       total 42496K, used 0K [0x00000000c1600000, 0x00000000c3f80000, 0x00000000eb200000)
  object space 42496K, 0% used [0x00000000c1600000,0x00000000c1600000,0x00000000c3f80000)
 PSPermGen       total 21504K, used 4864K [0x00000000bc400000, 0x00000000bd900000, 0x00000000c1600000)
  object space 21504K, 22% used [0x00000000bc400000,0x00000000bc8c0130,0x00000000bd900000)
Event: 7.236 GC heap after
Heap after GC invocations=1 (full 0):
 PSYoungGen      total 18944K, used 2511K [0x00000000eb200000, 0x00000000ec700000, 0x0000000100000000)
  eden space 16384K, 0% used [0x00000000eb200000,0x00000000eb200000,0x00000000ec200000)
  from space 2560K, 98% used [0x00000000ec200000,0x00000000ec473c98,0x00000000ec480000)
  to   space 2560K, 0% used [0x00000000ec480000,0x00000000ec480000,0x00000000ec700000)
 ParOldGen       total 42496K, used 8K [0x00000000c1600000, 0x00000000c3f80000, 0x00000000eb200000)
  object space 42496K, 0% used [0x00000000c1600000,0x00000000c1602000,0x00000000c3f80000)
 PSPermGen       total 21504K, used 4864K [0x00000000bc400000, 0x00000000bd900000, 0x00000000c1600000)
  object space 21504K, 22% used [0x00000000bc400000,0x00000000bc8c0130,0x00000000bd900000)
}

Deoptimization events (3 events):
Event: 0.212 Thread 0x000000000227f000 Uncommon trap: reason=null_check action=make_not_entrant pc=0x000000000261c85c method=java.util.jar.Attributes.putValue(Ljava/lang/String;Ljava/lang/String;)Ljava/lang/String; @ 13
Event: 0.290 Thread 0x000000000227f000 Uncommon trap: reason=unreached action=reinterpret pc=0x0000000002622b88 method=java.lang.String.equals(Ljava/lang/Object;)Z @ 2
Event: 0.463 Thread 0x000000000227f000 Uncommon trap: reason=null_check action=make_not_entrant pc=0x000000000262a350 method=java.lang.StringCoding.deref(Ljava/lang/ThreadLocal;)Ljava/lang/Object; @ 4

Internal exceptions (10 events):
Event: 0.490 Thread 0x000000000227f000 Threw 0x00000000ebd16c70 at C:\re\jdk7u51\527\hotspot\src\share\vm\prims\jvm.cpp:1244
Event: 0.491 Thread 0x000000000227f000 Threw 0x00000000ebd1ca60 at C:\re\jdk7u51\527\hotspot\src\share\vm\prims\jvm.cpp:1244
Event: 0.492 Thread 0x000000000227f000 Threw 0x00000000ebd20438 at C:\re\jdk7u51\527\hotspot\src\share\vm\prims\jvm.cpp:1244
Event: 0.493 Thread 0x000000000227f000 Threw 0x00000000ebd238d8 at C:\re\jdk7u51\527\hotspot\src\share\vm\prims\jvm.cpp:1244
Event: 0.493 Thread 0x000000000227f000 Threw 0x00000000ebd272a0 at C:\re\jdk7u51\527\hotspot\src\share\vm\prims\jvm.cpp:1244
Event: 3.418 Thread 0x000000000227f000 Threw 0x00000000ebd3a550 at C:\re\jdk7u51\527\hotspot\src\share\vm\prims\jvm.cpp:1244
Event: 7.170 Thread 0x000000000227f000 Threw 0x00000000ec1a3398 at C:\re\jdk7u51\527\hotspot\src\share\vm\prims\jvm.cpp:1244
Event: 7.170 Thread 0x000000000227f000 Threw 0x00000000ec1a34c0 at C:\re\jdk7u51\527\hotspot\src\share\vm\prims\jvm.cpp:1244
Event: 7.699 Thread 0x000000000227f000 Threw 0x00000000eb4c6da0 at C:\re\jdk7u51\527\hotspot\src\share\vm\prims\jni.cpp:717
Event: 7.699 Thread 0x000000000227f000 Threw 0x00000000eb4c7258 at C:\re\jdk7u51\527\hotspot\src\share\vm\prims\jvm.cpp:1244

Events (10 events):
Event: 8.199 Executing VM operation: ChangeSingleStep
Event: 8.199 Executing VM operation: ChangeSingleStep done
Event: 8.200 loading class 0x0000000002312080
Event: 8.200 loading class 0x00000000023122f0
Event: 8.200 loading class 0x00000000023122f0 done
Event: 8.200 loading class 0x0000000002312080 done
Event: 8.201 loading class 0x000000000a4e5b20
Event: 8.201 loading class 0x000000000a4e5b20 done
Event: 8.225 Executing VM operation: GetOrSetLocal
Event: 8.226 Executing VM operation: GetOrSetLocal done


Dynamic libraries:
0x000000013f720000 - 0x000000013f753000 	C:\Program Files\Java\jre7\bin\javaw.exe
0x0000000077600000 - 0x00000000777a9000 	C:\Windows\SYSTEM32\ntdll.dll
0x00000000773e0000 - 0x00000000774ff000 	C:\Windows\system32\kernel32.dll
0x000007fefd730000 - 0x000007fefd79b000 	C:\Windows\system32\KERNELBASE.dll
0x000007feff5a0000 - 0x000007feff67b000 	C:\Windows\system32\ADVAPI32.dll
0x000007fefe180000 - 0x000007fefe21f000 	C:\Windows\system32\msvcrt.dll
0x000007fefdda0000 - 0x000007fefddbf000 	C:\Windows\SYSTEM32\sechost.dll
0x000007fefde10000 - 0x000007fefdf3d000 	C:\Windows\system32\RPCRT4.dll
0x0000000077500000 - 0x00000000775fa000 	C:\Windows\system32\USER32.dll
0x000007fefe5a0000 - 0x000007fefe607000 	C:\Windows\system32\GDI32.dll
0x000007feff900000 - 0x000007feff90e000 	C:\Windows\system32\LPK.dll
0x000007fefe400000 - 0x000007fefe4c9000 	C:\Windows\system32\USP10.dll
0x000007fefbe50000 - 0x000007fefc044000 	C:\Windows\WinSxS\amd64_microsoft.windows.common-controls_6595b64144ccf1df_6.0.7601.17514_none_fa396087175ac9ac\COMCTL32.dll
0x000007fefdb10000 - 0x000007fefdb81000 	C:\Windows\system32\SHLWAPI.dll
0x000007fefe4d0000 - 0x000007fefe4fe000 	C:\Windows\system32\IMM32.DLL
0x000007feff6f0000 - 0x000007feff7f9000 	C:\Windows\system32\MSCTF.dll
0x0000000071490000 - 0x0000000071562000 	C:\Program Files\Java\jre7\bin\msvcr100.dll
0x0000000070cc0000 - 0x0000000071489000 	C:\Program Files\Java\jre7\bin\server\jvm.dll
0x000007fef8dd0000 - 0x000007fef8dd9000 	C:\Windows\system32\WSOCK32.dll
0x000007fefddc0000 - 0x000007fefde0d000 	C:\Windows\system32\WS2_32.dll
0x000007feff680000 - 0x000007feff688000 	C:\Windows\system32\NSI.dll
0x000007fef4660000 - 0x000007fef469b000 	C:\Windows\system32\WINMM.dll
0x00000000777d0000 - 0x00000000777d7000 	C:\Windows\system32\PSAPI.DLL
0x0000000074000000 - 0x000000007400f000 	C:\Program Files\Java\jre7\bin\verify.dll
0x0000000071620000 - 0x0000000071648000 	C:\Program Files\Java\jre7\bin\java.dll
0x0000000069030000 - 0x0000000069065000 	C:\Program Files\Java\jre7\bin\jdwp.dll
0x0000000068fe0000 - 0x0000000068fe8000 	C:\Program Files\Java\jre7\bin\npt.dll
0x0000000073eb0000 - 0x0000000073ec5000 	C:\Program Files\Java\jre7\bin\zip.dll
0x0000000068fd0000 - 0x0000000068fd9000 	C:\Program Files\Java\jre7\bin\dt_socket.dll
0x000007fefacc0000 - 0x000007fefacd5000 	C:\Windows\system32\NLAapi.dll
0x000007fefb2a0000 - 0x000007fefb2b5000 	C:\Windows\system32\napinsp.dll
0x000007fefb140000 - 0x000007fefb159000 	C:\Windows\system32\pnrpnsp.dll
0x000007fefcc00000 - 0x000007fefcc55000 	C:\Windows\System32\mswsock.dll
0x000007fefca80000 - 0x000007fefcadb000 	C:\Windows\system32\DNSAPI.dll
0x000007fefb290000 - 0x000007fefb29b000 	C:\Windows\System32\winrnr.dll
0x000007fefb130000 - 0x000007fefb140000 	C:\Windows\system32\wshbth.dll
0x000007fefab70000 - 0x000007fefab97000 	C:\Windows\system32\IPHLPAPI.DLL
0x000007fefab50000 - 0x000007fefab5b000 	C:\Windows\system32\WINNSI.DLL
0x000007fefa9e0000 - 0x000007fefaa33000 	C:\Windows\System32\fwpuclnt.dll
0x000007fefa0f0000 - 0x000007fefa0f8000 	C:\Windows\system32\rasadhlp.dll
0x000007fefc5e0000 - 0x000007fefc5e7000 	C:\Windows\System32\wshtcpip.dll
0x000007fefcc60000 - 0x000007fefcc77000 	C:\Windows\system32\CRYPTSP.dll
0x000007fefc960000 - 0x000007fefc9a7000 	C:\Windows\system32\rsaenh.dll
0x000007fefc700000 - 0x000007fefc71e000 	C:\Windows\system32\USERENV.dll
0x000007fefd3b0000 - 0x000007fefd3bf000 	C:\Windows\system32\profapi.dll
0x000007fefd2e0000 - 0x000007fefd2ef000 	C:\Windows\system32\CRYPTBASE.dll
0x0000000073e90000 - 0x0000000073ea9000 	C:\Program Files\Java\jre7\bin\net.dll
0x000007fefcbf0000 - 0x000007fefcbf7000 	C:\Windows\System32\wship6.dll
0x0000000071600000 - 0x0000000071611000 	C:\Program Files\Java\jre7\bin\nio.dll
0x0000000068fa0000 - 0x0000000068fc4000 	C:\Program Files\Java\jre7\bin\sunec.dll
0x000007fef5320000 - 0x000007fef5445000 	C:\Windows\system32\dbghelp.dll

VM Arguments:
jvm_args: -agentlib:jdwp=transport=dt_socket,suspend=y,address=localhost:58549 -Dfile.encoding=Cp1252 
java_command: org.evoting.security.ElGamalTester 100
Launcher Type: SUN_STANDARD

Environment Variables:
JAVA_HOME=C:\Program Files\Java\jdk1.7.0_51
PATH=C:\Windows\system32;C:\Windows;C:\Windows\System32\Wbem;C:\Windows\System32\WindowsPowerShell\v1.0\;C:\Program Files (x86)\Windows Kits\8.1\Windows Performance Toolkit\;C:\Program Files\Microsoft SQL Server\110\Tools\Binn\;C:\Program Files\TortoiseSVN\bin;C:\Program Files\Java\jdk1.7.0_51\bin;C:\Program Files\Jolie;C:\Program Files\apache-ant-1.9.3/bin
USERNAME=Mikkel
OS=Windows_NT
PROCESSOR_IDENTIFIER=Intel64 Family 6 Model 42 Stepping 7, GenuineIntel



---------------  S Y S T E M  ---------------

OS: Windows 7 , 64 bit Build 7601 Service Pack 1

CPU:total 4 (2 cores per cpu, 2 threads per core) family 6 model 42 stepping 7, cmov, cx8, fxsr, mmx, sse, sse2, sse3, ssse3, sse4.1, sse4.2, popcnt, avx, aes, ht, tsc, tscinvbit

Memory: 4k page, physical 4102896k(979112k free), swap 8203928k(3835040k free)

vm_info: Java HotSpot(TM) 64-Bit Server VM (24.51-b03) for windows-amd64 JRE (1.7.0_51-b13), built on Dec 18 2013 18:40:56 by "java_re" with unknown MS VC++:1600

time: Fri Mar 21 15:58:03 2014
elapsed time: 8 seconds

